2025-05-04 14:43:38,570 - GenerationEngine - INFO - Logging initialized. Log file: C:\Users\praam\Desktop\havetai+vetcyto\task-05_dataset\generation-engine_XYZ\logs_XYZ\generation_engine_20250504_144338.log
2025-05-04 14:43:38,570 - GenerationEngine - INFO - ================================================================================
2025-05-04 14:43:38,570 - GenerationEngine - INFO - Starting Generation Engine v0.0
2025-05-04 14:43:38,570 - GenerationEngine - INFO - Device: cuda
2025-05-04 14:43:38,570 - GenerationEngine - INFO - Hardware Information:
2025-05-04 14:43:38,570 - GenerationEngine - INFO - GPU: NVIDIA GeForce RTX 3060 Laptop GPU
2025-05-04 14:43:38,570 - GenerationEngine - INFO - CUDA Version: 12.1
2025-05-04 14:43:38,570 - GenerationEngine - INFO - GPU Memory: 6.000 GB
2025-05-04 14:43:38,570 - GenerationEngine - INFO - CPU Cores: 16
2025-05-04 14:43:38,586 - GenerationEngine - INFO - Total RAM: 15.404 GB
2025-05-04 14:43:38,586 - GenerationEngine - INFO - Available RAM: 8.431 GB
2025-05-04 14:43:38,586 - GenerationEngine - INFO - Starting synthetic dataset generation
2025-05-04 14:43:38,586 - GenerationEngine - INFO - Starting memory monitoring thread
2025-05-04 14:43:38,586 - GenerationEngine - INFO - Creating output directories
2025-05-04 14:43:38,586 - GenerationEngine - WARNING - CLEAN_OUTPUT_BEFORE_RUN is True. Deleting existing content in output subdirectories...
2025-05-04 14:43:38,586 - GenerationEngine - INFO - Cleaned directory: C:\Users\praam\Desktop\havetai+vetcyto\task-05_dataset\generation-engine_XYZ\synthetic_composed_XYZ
2025-05-04 14:43:38,586 - GenerationEngine - INFO - Loading generator and critic models
2025-05-04 14:43:38,586 - GenerationEngine - INFO - Loading models from checkpoint: C:\Users\praam\Desktop\havetai+vetcyto\task-05_dataset\WGAN-SN_training-output_v2-151_flawed-04\continuation-enhanced_00\checkpoints\cont_best_fid_checkpoint.pth.tar
2025-05-04 14:43:38,680 - GenerationEngine - INFO - Loading checkpoint (with weights_only=False)...
2025-05-04 14:43:38,773 - GenerationEngine - INFO - Generator loaded from generator_state_dict
2025-05-04 14:43:38,789 - GenerationEngine - INFO - Critic loaded from critic_state_dict
2025-05-04 14:43:39,476 - GenerationEngine - INFO - Generator on cuda, Critic on cuda
2025-05-04 14:43:39,476 - GenerationEngine - INFO - Quality filtering is enabled
2025-05-04 14:43:39,476 - GenerationEngine - INFO - Calculating statistics from real data
2025-05-04 14:43:39,491 - GenerationEngine - INFO - Calculating statistics from real pollen images...
2025-05-04 14:43:39,491 - GenerationEngine - INFO - Using real data from: C:\Users\praam\Desktop\havetai+vetcyto\task-05_dataset\vet_images_sliced\TrainingStepSet_automated-labels_T_full-size_150-pc_undivided_categorized\all-classes-mixed\uniform
2025-05-04 14:43:40,601 - GenerationEngine - INFO - Processing 20000 real images for statistics...
2025-05-04 14:43:59,873 - GenerationEngine - INFO - Statistics calculated and saved to C:\Users\praam\Desktop\havetai+vetcyto\task-05_dataset\generation-engine_XYZ\stats_XYZ\real_data_stats.json
2025-05-04 14:43:59,904 - GenerationEngine - INFO - Loading layout statistics
2025-05-04 14:43:59,920 - GenerationEngine - INFO - Loading layout statistics from: C:\Users\praam\Desktop\havetai+vetcyto\task-05_dataset\backgrounds_layouts_step_automated-labels_pc-150\step_size_320\statistics\layout_statistics.json
2025-05-04 14:43:59,935 - GenerationEngine - INFO - Layout statistics loaded successfully
2025-05-04 14:43:59,935 - GenerationEngine - INFO - Generating 62492 individual pollen images
2025-05-04 14:55:37,316 - GenerationEngine - INFO - Generated 62492 individual pollen images and stored their raw scores.
2025-05-04 14:55:37,316 - GenerationEngine - INFO - Generating 4363 composed images
2025-05-04 14:55:37,326 - GenerationEngine - INFO - Loading background images from: C:\Users\praam\Desktop\havetai+vetcyto\task-05_dataset\backgrounds_layouts_step_automated-labels_pc-150\step_size_320\backgrounds
2025-05-04 14:55:37,407 - GenerationEngine - INFO - Found 5439 background images
2025-05-04 14:55:37,407 - GenerationEngine - INFO - Processing composed images sequentially (safer in Jupyter)
2025-05-04 14:55:37,745 - GenerationEngine.Worker-0 - INFO - Worker 0: Models loaded to cuda
2025-05-04 14:56:13,757 - GenerationEngine - INFO - Generated 50/4363 composed images
2025-05-04 14:56:14,331 - GenerationEngine.Worker-1 - INFO - Worker 1: Models loaded to cuda
2025-05-04 14:56:48,921 - GenerationEngine - INFO - Generated 100/4363 composed images
2025-05-04 14:56:49,495 - GenerationEngine.Worker-2 - INFO - Worker 2: Models loaded to cuda
2025-05-04 14:57:22,976 - GenerationEngine - INFO - Generated 150/4363 composed images
2025-05-04 14:57:23,543 - GenerationEngine.Worker-3 - INFO - Worker 3: Models loaded to cuda
2025-05-04 14:57:57,148 - GenerationEngine - INFO - Generated 200/4363 composed images
2025-05-04 14:57:57,652 - GenerationEngine.Worker-4 - INFO - Worker 4: Models loaded to cuda
2025-05-04 14:58:31,951 - GenerationEngine - INFO - Generated 250/4363 composed images
2025-05-04 14:58:32,456 - GenerationEngine.Worker-5 - INFO - Worker 5: Models loaded to cuda
2025-05-04 14:59:06,542 - GenerationEngine - INFO - Generated 300/4363 composed images
2025-05-04 14:59:07,212 - GenerationEngine.Worker-6 - INFO - Worker 6: Models loaded to cuda
2025-05-04 14:59:41,851 - GenerationEngine - INFO - Generated 350/4363 composed images
2025-05-04 14:59:42,487 - GenerationEngine.Worker-7 - INFO - Worker 7: Models loaded to cuda
2025-05-04 15:00:17,424 - GenerationEngine - INFO - Generated 400/4363 composed images
2025-05-04 15:00:17,988 - GenerationEngine.Worker-8 - INFO - Worker 8: Models loaded to cuda
2025-05-04 15:00:52,435 - GenerationEngine - INFO - Generated 450/4363 composed images
2025-05-04 15:00:53,071 - GenerationEngine.Worker-9 - INFO - Worker 9: Models loaded to cuda
2025-05-04 15:01:28,314 - GenerationEngine - INFO - Generated 500/4363 composed images
2025-05-04 15:01:28,880 - GenerationEngine.Worker-10 - INFO - Worker 10: Models loaded to cuda
2025-05-04 15:02:02,729 - GenerationEngine - INFO - Generated 550/4363 composed images
2025-05-04 15:02:03,392 - GenerationEngine.Worker-11 - INFO - Worker 11: Models loaded to cuda
2025-05-04 15:02:38,024 - GenerationEngine - INFO - Generated 600/4363 composed images
2025-05-04 15:02:38,651 - GenerationEngine.Worker-12 - INFO - Worker 12: Models loaded to cuda
2025-05-04 15:03:13,971 - GenerationEngine - INFO - Generated 650/4363 composed images
2025-05-04 15:03:14,528 - GenerationEngine.Worker-13 - INFO - Worker 13: Models loaded to cuda
2025-05-04 15:03:49,443 - GenerationEngine - INFO - Generated 700/4363 composed images
2025-05-04 15:03:50,009 - GenerationEngine.Worker-14 - INFO - Worker 14: Models loaded to cuda
2025-05-04 15:04:24,647 - GenerationEngine - INFO - Generated 750/4363 composed images
2025-05-04 15:04:25,167 - GenerationEngine.Worker-15 - INFO - Worker 15: Models loaded to cuda
2025-05-04 15:04:59,896 - GenerationEngine - INFO - Generated 800/4363 composed images
2025-05-04 15:05:00,563 - GenerationEngine.Worker-16 - INFO - Worker 16: Models loaded to cuda
2025-05-04 15:05:35,710 - GenerationEngine - INFO - Generated 850/4363 composed images
2025-05-04 15:05:36,347 - GenerationEngine.Worker-17 - INFO - Worker 17: Models loaded to cuda
2025-05-04 15:06:10,921 - GenerationEngine - INFO - Generated 900/4363 composed images
2025-05-04 15:06:11,571 - GenerationEngine.Worker-18 - INFO - Worker 18: Models loaded to cuda
2025-05-04 15:06:46,440 - GenerationEngine - INFO - Generated 950/4363 composed images
2025-05-04 15:06:46,989 - GenerationEngine.Worker-19 - INFO - Worker 19: Models loaded to cuda
2025-05-04 15:07:20,584 - GenerationEngine - INFO - Generated 1000/4363 composed images
2025-05-04 15:07:21,157 - GenerationEngine.Worker-20 - INFO - Worker 20: Models loaded to cuda
2025-05-04 15:07:56,149 - GenerationEngine - INFO - Generated 1050/4363 composed images
2025-05-04 15:07:56,633 - GenerationEngine.Worker-21 - INFO - Worker 21: Models loaded to cuda
2025-05-04 15:08:30,587 - GenerationEngine - INFO - Generated 1100/4363 composed images
2025-05-04 15:08:31,254 - GenerationEngine.Worker-22 - INFO - Worker 22: Models loaded to cuda
2025-05-04 15:09:06,519 - GenerationEngine - INFO - Generated 1150/4363 composed images
2025-05-04 15:09:07,071 - GenerationEngine.Worker-23 - INFO - Worker 23: Models loaded to cuda
2025-05-04 15:09:40,564 - GenerationEngine - INFO - Generated 1200/4363 composed images
2025-05-04 15:09:41,231 - GenerationEngine.Worker-24 - INFO - Worker 24: Models loaded to cuda
2025-05-04 15:10:15,826 - GenerationEngine - INFO - Generated 1250/4363 composed images
2025-05-04 15:10:16,478 - GenerationEngine.Worker-25 - INFO - Worker 25: Models loaded to cuda
2025-05-04 15:10:50,526 - GenerationEngine - INFO - Generated 1300/4363 composed images
2025-05-04 15:10:51,024 - GenerationEngine.Worker-26 - INFO - Worker 26: Models loaded to cuda
2025-05-04 15:11:25,748 - GenerationEngine - INFO - Generated 1350/4363 composed images
2025-05-04 15:11:26,318 - GenerationEngine.Worker-27 - INFO - Worker 27: Models loaded to cuda
2025-05-04 15:12:01,486 - GenerationEngine - INFO - Generated 1400/4363 composed images
2025-05-04 15:12:02,112 - GenerationEngine.Worker-28 - INFO - Worker 28: Models loaded to cuda
2025-05-04 15:12:36,327 - GenerationEngine - INFO - Generated 1450/4363 composed images
2025-05-04 15:12:36,998 - GenerationEngine.Worker-29 - INFO - Worker 29: Models loaded to cuda
2025-05-04 15:13:12,158 - GenerationEngine - INFO - Generated 1500/4363 composed images
2025-05-04 15:13:12,733 - GenerationEngine.Worker-30 - INFO - Worker 30: Models loaded to cuda
2025-05-04 15:13:47,093 - GenerationEngine - INFO - Generated 1550/4363 composed images
2025-05-04 15:13:47,767 - GenerationEngine.Worker-31 - INFO - Worker 31: Models loaded to cuda
2025-05-04 15:14:22,265 - GenerationEngine - INFO - Generated 1600/4363 composed images
2025-05-04 15:14:22,953 - GenerationEngine.Worker-32 - INFO - Worker 32: Models loaded to cuda
2025-05-04 15:14:58,156 - GenerationEngine - INFO - Generated 1650/4363 composed images
2025-05-04 15:14:58,820 - GenerationEngine.Worker-33 - INFO - Worker 33: Models loaded to cuda
2025-05-04 15:15:33,387 - GenerationEngine - INFO - Generated 1700/4363 composed images
2025-05-04 15:15:33,967 - GenerationEngine.Worker-34 - INFO - Worker 34: Models loaded to cuda
2025-05-04 15:16:09,109 - GenerationEngine - INFO - Generated 1750/4363 composed images
2025-05-04 15:16:09,770 - GenerationEngine.Worker-35 - INFO - Worker 35: Models loaded to cuda
2025-05-04 15:16:43,785 - GenerationEngine - INFO - Generated 1800/4363 composed images
2025-05-04 15:16:44,360 - GenerationEngine.Worker-36 - INFO - Worker 36: Models loaded to cuda
2025-05-04 15:17:19,408 - GenerationEngine - INFO - Generated 1850/4363 composed images
2025-05-04 15:17:20,083 - GenerationEngine.Worker-37 - INFO - Worker 37: Models loaded to cuda
2025-05-04 15:17:54,702 - GenerationEngine - INFO - Generated 1900/4363 composed images
2025-05-04 15:17:55,252 - GenerationEngine.Worker-38 - INFO - Worker 38: Models loaded to cuda
2025-05-04 15:18:29,211 - GenerationEngine - INFO - Generated 1950/4363 composed images
2025-05-04 15:18:29,778 - GenerationEngine.Worker-39 - INFO - Worker 39: Models loaded to cuda
2025-05-04 15:19:04,359 - GenerationEngine - INFO - Generated 2000/4363 composed images
2025-05-04 15:19:04,988 - GenerationEngine.Worker-40 - INFO - Worker 40: Models loaded to cuda
2025-05-04 15:19:39,502 - GenerationEngine - INFO - Generated 2050/4363 composed images
2025-05-04 15:19:40,067 - GenerationEngine.Worker-41 - INFO - Worker 41: Models loaded to cuda
2025-05-04 15:20:13,991 - GenerationEngine - INFO - Generated 2100/4363 composed images
2025-05-04 15:20:14,660 - GenerationEngine.Worker-42 - INFO - Worker 42: Models loaded to cuda
2025-05-04 15:20:49,317 - GenerationEngine - INFO - Generated 2150/4363 composed images
2025-05-04 15:20:49,830 - GenerationEngine.Worker-43 - INFO - Worker 43: Models loaded to cuda
2025-05-04 15:21:23,640 - GenerationEngine - INFO - Generated 2200/4363 composed images
2025-05-04 15:21:24,138 - GenerationEngine.Worker-44 - INFO - Worker 44: Models loaded to cuda
2025-05-04 15:21:58,107 - GenerationEngine - INFO - Generated 2250/4363 composed images
2025-05-04 15:21:58,669 - GenerationEngine.Worker-45 - INFO - Worker 45: Models loaded to cuda
2025-05-04 15:22:33,914 - GenerationEngine - INFO - Generated 2300/4363 composed images
2025-05-04 15:22:34,530 - GenerationEngine.Worker-46 - INFO - Worker 46: Models loaded to cuda
2025-05-04 15:23:09,107 - GenerationEngine - INFO - Generated 2350/4363 composed images
2025-05-04 15:23:09,611 - GenerationEngine.Worker-47 - INFO - Worker 47: Models loaded to cuda
2025-05-04 15:23:43,374 - GenerationEngine - INFO - Generated 2400/4363 composed images
2025-05-04 15:23:44,025 - GenerationEngine.Worker-48 - INFO - Worker 48: Models loaded to cuda
2025-05-04 15:24:18,394 - GenerationEngine - INFO - Generated 2450/4363 composed images
2025-05-04 15:24:19,078 - GenerationEngine.Worker-49 - INFO - Worker 49: Models loaded to cuda
2025-05-04 15:24:53,819 - GenerationEngine - INFO - Generated 2500/4363 composed images
2025-05-04 15:24:54,453 - GenerationEngine.Worker-50 - INFO - Worker 50: Models loaded to cuda
2025-05-04 15:25:29,195 - GenerationEngine - INFO - Generated 2550/4363 composed images
2025-05-04 15:25:29,830 - GenerationEngine.Worker-51 - INFO - Worker 51: Models loaded to cuda
2025-05-04 15:26:05,060 - GenerationEngine - INFO - Generated 2600/4363 composed images
2025-05-04 15:26:05,556 - GenerationEngine.Worker-52 - INFO - Worker 52: Models loaded to cuda
2025-05-04 15:26:39,571 - GenerationEngine - INFO - Generated 2650/4363 composed images
2025-05-04 15:26:40,147 - GenerationEngine.Worker-53 - INFO - Worker 53: Models loaded to cuda
2025-05-04 15:27:14,255 - GenerationEngine - INFO - Generated 2700/4363 composed images
2025-05-04 15:27:14,747 - GenerationEngine.Worker-54 - INFO - Worker 54: Models loaded to cuda
2025-05-04 15:27:47,946 - GenerationEngine - INFO - Generated 2750/4363 composed images
2025-05-04 15:27:48,592 - GenerationEngine.Worker-55 - INFO - Worker 55: Models loaded to cuda
2025-05-04 15:28:22,718 - GenerationEngine - INFO - Generated 2800/4363 composed images
2025-05-04 15:28:23,378 - GenerationEngine.Worker-56 - INFO - Worker 56: Models loaded to cuda
2025-05-04 15:28:57,590 - GenerationEngine - INFO - Generated 2850/4363 composed images
2025-05-04 15:28:58,295 - GenerationEngine.Worker-57 - INFO - Worker 57: Models loaded to cuda
2025-05-04 15:29:32,816 - GenerationEngine - INFO - Generated 2900/4363 composed images
2025-05-04 15:29:33,395 - GenerationEngine.Worker-58 - INFO - Worker 58: Models loaded to cuda
2025-05-04 15:30:07,642 - GenerationEngine - INFO - Generated 2950/4363 composed images
2025-05-04 15:30:08,235 - GenerationEngine.Worker-59 - INFO - Worker 59: Models loaded to cuda
2025-05-04 15:30:42,417 - GenerationEngine - INFO - Generated 3000/4363 composed images
2025-05-04 15:30:43,093 - GenerationEngine.Worker-60 - INFO - Worker 60: Models loaded to cuda
2025-05-04 15:31:18,296 - GenerationEngine - INFO - Generated 3050/4363 composed images
2025-05-04 15:31:18,864 - GenerationEngine.Worker-61 - INFO - Worker 61: Models loaded to cuda
2025-05-04 15:31:53,088 - GenerationEngine - INFO - Generated 3100/4363 composed images
2025-05-04 15:31:53,746 - GenerationEngine.Worker-62 - INFO - Worker 62: Models loaded to cuda
2025-05-04 15:32:27,780 - GenerationEngine - INFO - Generated 3150/4363 composed images
2025-05-04 15:32:28,448 - GenerationEngine.Worker-63 - INFO - Worker 63: Models loaded to cuda
2025-05-04 15:33:02,469 - GenerationEngine - INFO - Generated 3200/4363 composed images
2025-05-04 15:33:03,033 - GenerationEngine.Worker-64 - INFO - Worker 64: Models loaded to cuda
2025-05-04 15:33:36,855 - GenerationEngine - INFO - Generated 3250/4363 composed images
2025-05-04 15:33:37,431 - GenerationEngine.Worker-65 - INFO - Worker 65: Models loaded to cuda
2025-05-04 15:34:11,277 - GenerationEngine - INFO - Generated 3300/4363 composed images
2025-05-04 15:34:11,956 - GenerationEngine.Worker-66 - INFO - Worker 66: Models loaded to cuda
2025-05-04 15:34:45,771 - GenerationEngine - INFO - Generated 3350/4363 composed images
2025-05-04 15:34:46,404 - GenerationEngine.Worker-67 - INFO - Worker 67: Models loaded to cuda
2025-05-04 15:35:21,156 - GenerationEngine - INFO - Generated 3400/4363 composed images
2025-05-04 15:35:21,717 - GenerationEngine.Worker-68 - INFO - Worker 68: Models loaded to cuda
2025-05-04 15:35:55,428 - GenerationEngine - INFO - Generated 3450/4363 composed images
2025-05-04 15:35:55,989 - GenerationEngine.Worker-69 - INFO - Worker 69: Models loaded to cuda
2025-05-04 15:36:29,937 - GenerationEngine - INFO - Generated 3500/4363 composed images
2025-05-04 15:36:30,631 - GenerationEngine.Worker-70 - INFO - Worker 70: Models loaded to cuda
2025-05-04 15:37:04,901 - GenerationEngine - INFO - Generated 3550/4363 composed images
2025-05-04 15:37:05,584 - GenerationEngine.Worker-71 - INFO - Worker 71: Models loaded to cuda
2025-05-04 15:37:40,579 - GenerationEngine - INFO - Generated 3600/4363 composed images
2025-05-04 15:37:41,137 - GenerationEngine.Worker-72 - INFO - Worker 72: Models loaded to cuda
2025-05-04 15:38:14,493 - GenerationEngine - INFO - Generated 3650/4363 composed images
2025-05-04 15:38:15,166 - GenerationEngine.Worker-73 - INFO - Worker 73: Models loaded to cuda
2025-05-04 15:38:49,479 - GenerationEngine - INFO - Generated 3700/4363 composed images
2025-05-04 15:38:50,154 - GenerationEngine.Worker-74 - INFO - Worker 74: Models loaded to cuda
2025-05-04 15:39:24,603 - GenerationEngine - INFO - Generated 3750/4363 composed images
2025-05-04 15:39:25,239 - GenerationEngine.Worker-75 - INFO - Worker 75: Models loaded to cuda
2025-05-04 15:39:59,846 - GenerationEngine - INFO - Generated 3800/4363 composed images
2025-05-04 15:40:00,414 - GenerationEngine.Worker-76 - INFO - Worker 76: Models loaded to cuda
2025-05-04 15:40:35,076 - GenerationEngine - INFO - Generated 3850/4363 composed images
2025-05-04 15:40:35,650 - GenerationEngine.Worker-77 - INFO - Worker 77: Models loaded to cuda
2025-05-04 15:41:11,128 - GenerationEngine - INFO - Generated 3900/4363 composed images
2025-05-04 15:41:11,776 - GenerationEngine.Worker-78 - INFO - Worker 78: Models loaded to cuda
2025-05-04 15:41:46,184 - GenerationEngine - INFO - Generated 3950/4363 composed images
2025-05-04 15:41:46,811 - GenerationEngine.Worker-79 - INFO - Worker 79: Models loaded to cuda
2025-05-04 15:42:20,749 - GenerationEngine - INFO - Generated 4000/4363 composed images
2025-05-04 15:42:21,317 - GenerationEngine.Worker-80 - INFO - Worker 80: Models loaded to cuda
2025-05-04 15:42:55,960 - GenerationEngine - INFO - Generated 4050/4363 composed images
2025-05-04 15:42:56,464 - GenerationEngine.Worker-81 - INFO - Worker 81: Models loaded to cuda
2025-05-04 15:43:30,757 - GenerationEngine - INFO - Generated 4100/4363 composed images
2025-05-04 15:43:31,332 - GenerationEngine.Worker-82 - INFO - Worker 82: Models loaded to cuda
2025-05-04 15:44:05,315 - GenerationEngine - INFO - Generated 4150/4363 composed images
2025-05-04 15:44:05,821 - GenerationEngine.Worker-83 - INFO - Worker 83: Models loaded to cuda
2025-05-04 15:44:40,625 - GenerationEngine - INFO - Generated 4200/4363 composed images
2025-05-04 15:44:41,294 - GenerationEngine.Worker-84 - INFO - Worker 84: Models loaded to cuda
2025-05-04 15:45:15,080 - GenerationEngine - INFO - Generated 4250/4363 composed images
2025-05-04 15:45:15,726 - GenerationEngine.Worker-85 - INFO - Worker 85: Models loaded to cuda
2025-05-04 15:45:50,501 - GenerationEngine - INFO - Generated 4300/4363 composed images
2025-05-04 15:45:51,187 - GenerationEngine.Worker-86 - INFO - Worker 86: Models loaded to cuda
2025-05-04 15:46:25,776 - GenerationEngine - INFO - Generated 4350/4363 composed images
2025-05-04 15:46:26,343 - GenerationEngine.Worker-87 - INFO - Worker 87: Models loaded to cuda
2025-05-04 15:46:35,158 - GenerationEngine - INFO - Generated 4363/4363 composed images
2025-05-04 15:46:35,395 - GenerationEngine - INFO - Generated 4363 composed images
2025-05-04 15:46:35,395 - GenerationEngine - INFO - DEBUG: Analysis section - VISUALIZE_TSNE=True, VISUALIZE_UMAP=True
2025-05-04 15:46:35,395 - GenerationEngine - INFO - DEBUG: VISUALIZATION_SAMPLE_SIZE=15000, ANALYSIS_SAMPLE_SIZE=60000
2025-05-04 15:46:35,395 - GenerationEngine - INFO - ======================================== STARTING ANALYSIS ========================================
2025-05-04 15:46:35,395 - GenerationEngine - INFO - Loading InceptionV3 model for analysis...
2025-05-04 15:46:35,793 - GenerationEngine - INFO - Extracting features from real images for comparison...
2025-05-04 15:46:36,633 - GenerationEngine - INFO - Using 60000 real image samples for metric calculation.
2025-05-04 15:46:36,633 - GenerationEngine - INFO - Extracting features from 60000 real images...
2025-05-04 15:46:36,633 - GenerationEngine - INFO - GPU Memory [Before Processing real images features]: Allocated: 0.223 GB | Reserved: 0.258 GB
2025-05-04 15:46:36,649 - GenerationEngine - INFO - CPU Memory [Before Processing real images features]: 1.839 GB
2025-05-04 15:51:10,944 - GenerationEngine - INFO - Extracted features from 60000 images, shape: (60000, 2048)
2025-05-04 15:51:10,960 - GenerationEngine - INFO - GPU Memory [After Processing real images features]: Allocated: 0.223 GB | Reserved: 0.258 GB
2025-05-04 15:51:10,960 - GenerationEngine - INFO - CPU Memory [After Processing real images features]: 2.804 GB
2025-05-04 15:51:10,960 - GenerationEngine - INFO - --- Analysis 1: Saved (Potentially Filtered) Generated Images ---
2025-05-04 15:51:11,013 - GenerationEngine - INFO - Average Critic Score (Filtered Sample): -0.0412
2025-05-04 15:51:11,029 - GenerationEngine - INFO - Extracting features from 60000 saved/filtered generated images for metrics...
2025-05-04 15:51:11,029 - GenerationEngine - INFO - Extracting features from 60000 generated images...
2025-05-04 15:51:11,031 - GenerationEngine - INFO - GPU Memory [Before Processing generated images features]: Allocated: 0.223 GB | Reserved: 0.258 GB
2025-05-04 15:51:11,031 - GenerationEngine - INFO - CPU Memory [Before Processing generated images features]: 2.805 GB
2025-05-04 16:00:57,102 - GenerationEngine - INFO - Extracted features from 60000 images, shape: (60000, 2048)
2025-05-04 16:00:57,102 - GenerationEngine - INFO - GPU Memory [After Processing generated images features]: Allocated: 0.223 GB | Reserved: 0.258 GB
2025-05-04 16:00:57,102 - GenerationEngine - INFO - CPU Memory [After Processing generated images features]: 3.108 GB
2025-05-04 16:00:57,142 - GenerationEngine - INFO - Subsampling 7500 real and 7500 generated features for visualization.
2025-05-04 16:00:57,142 - GenerationEngine - INFO - Generating t-SNE plot (Filtered): C:\Users\praam\Desktop\havetai+vetcyto\task-05_dataset\generation-engine_XYZ\graphs_XYZ\tsne_visualization_filtered.png
2025-05-04 16:00:57,142 - GenerationEngine - INFO - Preparing 15000 points (7500 real vs 7500 generated) for t-SNE...
2025-05-04 16:00:57,170 - GenerationEngine - INFO - Computing t-SNE (perplexity=30, init='pca', lr='auto', n_jobs=-1)... (Check console for verbose progress)
2025-05-04 16:03:03,374 - GenerationEngine - INFO - t-SNE computation finished in 126.203 seconds.
2025-05-04 16:03:03,374 - GenerationEngine - INFO - Generating plot file: C:\Users\praam\Desktop\havetai+vetcyto\task-05_dataset\generation-engine_XYZ\graphs_XYZ\tsne_visualization_filtered.png
2025-05-04 16:03:04,139 - GenerationEngine - INFO - Saved t-SNE plot to C:\Users\praam\Desktop\havetai+vetcyto\task-05_dataset\generation-engine_XYZ\graphs_XYZ\tsne_visualization_filtered.png
2025-05-04 16:03:04,156 - GenerationEngine - INFO - Generating UMAP plot (Filtered): C:\Users\praam\Desktop\havetai+vetcyto\task-05_dataset\generation-engine_XYZ\graphs_XYZ\umap_visualization_filtered.png
2025-05-04 16:03:04,156 - GenerationEngine - INFO - Starting UMAP calculation for 15000 points...
2025-05-04 16:03:04,183 - GenerationEngine - INFO - Computing UMAP embedding...
2025-05-04 16:03:42,452 - GenerationEngine - INFO - UMAP calculation finished in 38.296 seconds.
2025-05-04 16:03:43,188 - GenerationEngine - INFO - Saved UMAP plot to C:\Users\praam\Desktop\havetai+vetcyto\task-05_dataset\generation-engine_XYZ\graphs_XYZ\umap_visualization_filtered.png
2025-05-04 16:03:43,188 - GenerationEngine - INFO - Calculating PRDC metrics using 60000 real vs 60000 filtered generated features.
2025-05-04 16:03:43,188 - GenerationEngine - INFO - Calculating P/R/D/C metrics using torch-fidelity...
2025-05-04 16:03:44,032 - GenerationEngine - ERROR - torch-fidelity calculation failed: At least one of "isc", "fid", "kid", "ppl" metrics must be specified
2025-05-04 16:03:44,032 - GenerationEngine - INFO - Falling back to custom P/R/D/C implementation...
2025-05-04 16:03:44,177 - GenerationEngine - INFO - Calculating custom P/R/D/C (k=6, multiplier=1.2, subsample=True)
2025-05-04 16:03:44,177 - GenerationEngine - INFO - Subsampling real features from 60000 to 10000 for manifold estimation
2025-05-04 16:03:44,213 - GenerationEngine - INFO - Subsampling fake features from 60000 to 10000 for manifold estimation
2025-05-04 16:04:31,871 - GenerationEngine - INFO - Calculating metrics using individual distances (chunked)...
2025-05-04 16:04:34,646 - GenerationEngine - INFO - Processing precision in 12 chunks...
2025-05-04 16:06:22,509 - GenerationEngine - INFO - Processing recall in 12 chunks...
2025-05-04 16:15:38,478 - GenerationEngine - INFO - Individual distances metrics: P=0.7518, R=0.3184, D=0.000653, C=0.3184
2025-05-04 16:15:38,478 - GenerationEngine - INFO - Calculating metrics using mean distances...
2025-05-04 16:15:38,478 - GenerationEngine - INFO - Mean distance thresholds: real=9.313705, fake=8.165628
2025-05-04 16:22:24,538 - GenerationEngine - INFO - Mean distances metrics: P=0.9262, R=0.3448, D=0.000653, C=0.3448
2025-05-04 16:22:24,926 - GenerationEngine - INFO - Generating PRDC radar chart (Filtered): C:\Users\praam\Desktop\havetai+vetcyto\task-05_dataset\generation-engine_XYZ\graphs_XYZ\prdc_radar_filtered.png
2025-05-04 16:22:25,299 - GenerationEngine - INFO - Saved radar chart to C:\Users\praam\Desktop\havetai+vetcyto\task-05_dataset\generation-engine_XYZ\graphs_XYZ\prdc_radar_filtered.png
2025-05-04 16:22:25,299 - GenerationEngine - INFO - Calculating FID/KID using 60000 real vs 60000 filtered generated features.
2025-05-04 16:22:31,550 - GenerationEngine - INFO - Calculated FID: 58.246
2025-05-04 16:22:31,863 - GenerationEngine - INFO - Calculating KID using chunked approach to save memory
2025-05-04 16:22:31,863 - GenerationEngine - INFO - Processing KID in 30 chunks (size: 2000)...
2025-05-04 16:25:40,166 - GenerationEngine - INFO - Calculated KID: 24.072
2025-05-04 16:25:40,777 - GenerationEngine - INFO - --- Analysis 2: Unfiltered Generated Images ---
2025-05-04 16:25:40,777 - GenerationEngine - INFO - Generating 60000 new unfiltered images for analysis...
2025-05-04 16:25:40,777 - GenerationEngine - INFO - Temporarily moving generator to cuda for unfiltered generation.
2025-05-04 16:27:01,712 - GenerationEngine - INFO - Moving generator back to cuda:0.
2025-05-04 16:27:02,035 - GenerationEngine - INFO - Generated 60000 unfiltered images.
2025-05-04 16:27:02,035 - GenerationEngine - INFO - Calculating average critic score for 60000 unfiltered samples...
2025-05-04 16:30:08,754 - GenerationEngine - INFO - Average Critic Score (Unfiltered): -0.0412
2025-05-04 16:30:09,064 - GenerationEngine - INFO - Extracting features from 60000 unfiltered generated images for metrics...
2025-05-04 16:30:09,064 - GenerationEngine - INFO - Extracting features from 60000 generated images...
2025-05-04 16:30:09,064 - GenerationEngine - INFO - GPU Memory [Before Processing generated images features]: Allocated: 0.223 GB | Reserved: 0.383 GB
2025-05-04 16:30:09,064 - GenerationEngine - INFO - CPU Memory [Before Processing generated images features]: 3.070 GB
2025-05-04 16:34:27,900 - GenerationEngine - INFO - Extracted features from 60000 images, shape: (60000, 2048)
2025-05-04 16:34:27,900 - GenerationEngine - INFO - GPU Memory [After Processing generated images features]: Allocated: 0.223 GB | Reserved: 0.383 GB
2025-05-04 16:34:27,900 - GenerationEngine - INFO - CPU Memory [After Processing generated images features]: 4.118 GB
2025-05-04 16:34:28,371 - GenerationEngine - INFO - Subsampling 7500 real and 7500 generated features for visualization.
2025-05-04 16:34:28,371 - GenerationEngine - INFO - Generating t-SNE plot (Unfiltered): C:\Users\praam\Desktop\havetai+vetcyto\task-05_dataset\generation-engine_XYZ\graphs_XYZ\tsne_visualization_unfiltered.png
2025-05-04 16:34:28,371 - GenerationEngine - INFO - Preparing 15000 points (7500 real vs 7500 generated) for t-SNE...
2025-05-04 16:34:28,408 - GenerationEngine - INFO - Computing t-SNE (perplexity=30, init='pca', lr='auto', n_jobs=-1)... (Check console for verbose progress)
2025-05-04 16:36:43,424 - GenerationEngine - INFO - t-SNE computation finished in 135.015 seconds.
2025-05-04 16:36:43,424 - GenerationEngine - INFO - Generating plot file: C:\Users\praam\Desktop\havetai+vetcyto\task-05_dataset\generation-engine_XYZ\graphs_XYZ\tsne_visualization_unfiltered.png
2025-05-04 16:36:44,183 - GenerationEngine - INFO - Saved t-SNE plot to C:\Users\praam\Desktop\havetai+vetcyto\task-05_dataset\generation-engine_XYZ\graphs_XYZ\tsne_visualization_unfiltered.png
2025-05-04 16:36:44,183 - GenerationEngine - INFO - Generating UMAP plot (Unfiltered): C:\Users\praam\Desktop\havetai+vetcyto\task-05_dataset\generation-engine_XYZ\graphs_XYZ\umap_visualization_unfiltered.png
2025-05-04 16:36:44,183 - GenerationEngine - INFO - Starting UMAP calculation for 15000 points...
2025-05-04 16:36:44,202 - GenerationEngine - INFO - Computing UMAP embedding...
2025-05-04 16:36:54,306 - GenerationEngine - INFO - UMAP calculation finished in 10.123 seconds.
2025-05-04 16:36:55,004 - GenerationEngine - INFO - Saved UMAP plot to C:\Users\praam\Desktop\havetai+vetcyto\task-05_dataset\generation-engine_XYZ\graphs_XYZ\umap_visualization_unfiltered.png
2025-05-04 16:36:55,051 - GenerationEngine - INFO - Calculating PRDC metrics using 60000 real vs 60000 unfiltered generated features.
2025-05-04 16:36:55,051 - GenerationEngine - INFO - Calculating P/R/D/C metrics using torch-fidelity...
2025-05-04 16:36:55,969 - GenerationEngine - ERROR - torch-fidelity calculation failed: At least one of "isc", "fid", "kid", "ppl" metrics must be specified
2025-05-04 16:36:55,969 - GenerationEngine - INFO - Falling back to custom P/R/D/C implementation...
2025-05-04 16:36:56,131 - GenerationEngine - INFO - Calculating custom P/R/D/C (k=6, multiplier=1.2, subsample=True)
2025-05-04 16:36:56,131 - GenerationEngine - INFO - Subsampling real features from 60000 to 10000 for manifold estimation
2025-05-04 16:36:56,169 - GenerationEngine - INFO - Subsampling fake features from 60000 to 10000 for manifold estimation
2025-05-04 16:37:43,458 - GenerationEngine - INFO - Calculating metrics using individual distances (chunked)...
2025-05-04 16:37:46,428 - GenerationEngine - INFO - Processing precision in 12 chunks...
2025-05-04 16:39:36,527 - GenerationEngine - INFO - Processing recall in 12 chunks...
2025-05-04 16:47:35,630 - GenerationEngine - INFO - Individual distances metrics: P=0.6820, R=0.2136, D=0.000454, C=0.2136
2025-05-04 16:47:35,630 - GenerationEngine - INFO - Calculating metrics using mean distances...
2025-05-04 16:47:35,630 - GenerationEngine - INFO - Mean distance thresholds: real=9.313705, fake=8.062862
2025-05-04 16:53:43,306 - GenerationEngine - INFO - Mean distances metrics: P=0.8908, R=0.2700, D=0.000454, C=0.2700
2025-05-04 16:53:43,694 - GenerationEngine - INFO - Generating PRDC radar chart (Unfiltered): C:\Users\praam\Desktop\havetai+vetcyto\task-05_dataset\generation-engine_XYZ\graphs_XYZ\prdc_radar_unfiltered.png
2025-05-04 16:53:44,056 - GenerationEngine - INFO - Saved radar chart to C:\Users\praam\Desktop\havetai+vetcyto\task-05_dataset\generation-engine_XYZ\graphs_XYZ\prdc_radar_unfiltered.png
2025-05-04 16:53:44,056 - GenerationEngine - INFO - Calculating FID/KID using 60000 real vs 60000 unfiltered generated features.
2025-05-04 16:53:50,386 - GenerationEngine - INFO - Calculated FID: 62.391
2025-05-04 16:53:50,698 - GenerationEngine - INFO - Calculating KID using chunked approach to save memory
2025-05-04 16:53:50,698 - GenerationEngine - INFO - Processing KID in 30 chunks (size: 2000)...
2025-05-04 16:56:58,298 - GenerationEngine - INFO - Calculated KID: 24.588
2025-05-04 16:56:58,894 - GenerationEngine - INFO - Generating combined PRDC radar chart: C:\Users\praam\Desktop\havetai+vetcyto\task-05_dataset\generation-engine_XYZ\graphs_XYZ\prdc_radar_comparison.png
2025-05-04 16:56:59,335 - GenerationEngine - INFO - Saved combined radar chart to C:\Users\praam\Desktop\havetai+vetcyto\task-05_dataset\generation-engine_XYZ\graphs_XYZ\prdc_radar_comparison.png
2025-05-04 16:56:59,335 - GenerationEngine - INFO - Generating FID/KID comparison chart: C:\Users\praam\Desktop\havetai+vetcyto\task-05_dataset\generation-engine_XYZ\graphs_XYZ\fid_kid_comparison.png
2025-05-04 16:56:59,335 - GenerationEngine - INFO - Generating FID/KID comparison plot: C:\Users\praam\Desktop\havetai+vetcyto\task-05_dataset\generation-engine_XYZ\graphs_XYZ\fid_kid_comparison.png
2025-05-04 16:56:59,717 - GenerationEngine - INFO - Saved FID/KID comparison plot to C:\Users\praam\Desktop\havetai+vetcyto\task-05_dataset\generation-engine_XYZ\graphs_XYZ\fid_kid_comparison.png
2025-05-04 16:56:59,717 - GenerationEngine - INFO - Creating sample visualization
2025-05-04 16:57:01,907 - GenerationEngine - INFO - Analysis and Visualization completed in 4226.513 seconds
2025-05-04 16:57:01,907 - GenerationEngine - INFO - ======================================== FINISHED ANALYSIS ========================================
2025-05-04 16:57:01,912 - GenerationEngine - INFO - Creating performance summary
2025-05-04 16:57:01,914 - GenerationEngine - INFO - Performance summary saved to C:\Users\praam\Desktop\havetai+vetcyto\task-05_dataset\generation-engine_XYZ\stats_XYZ\performance_summary.txt
2025-05-04 16:57:01,914 - GenerationEngine - INFO - Generating markdown report
2025-05-04 16:57:01,914 - GenerationEngine - INFO - Markdown report saved successfully to C:\Users\praam\Desktop\havetai+vetcyto\task-05_dataset\generation-engine_XYZ\reports_XYZ\generation_report_20250504_165701.md
2025-05-04 16:57:01,914 - GenerationEngine - INFO - Report saved to C:\Users\praam\Desktop\havetai+vetcyto\task-05_dataset\generation-engine_XYZ\reports_XYZ\generation_report_20250504_165701.md
2025-05-04 16:57:01,914 - GenerationEngine - INFO - Saving final configuration
2025-05-04 16:57:01,914 - GenerationEngine - INFO - Configuration saved to C:\Users\praam\Desktop\havetai+vetcyto\task-05_dataset\generation-engine_XYZ\configs_XYZ\config_20250504_165701.json
2025-05-04 16:57:06,540 - GenerationEngine - INFO - Memory monitoring thread stopped
2025-05-04 16:57:06,540 - GenerationEngine - INFO - ================================================================================
2025-05-04 16:57:06,540 - GenerationEngine - INFO - Synthetic dataset generation completed
2025-05-04 16:57:06,540 - GenerationEngine - INFO - Total execution time: 8003.322 seconds
2025-05-04 16:57:06,540 - GenerationEngine - INFO - Individual pollen images: 62492/62492
2025-05-04 16:57:06,540 - GenerationEngine - INFO - Composed images: 4363/4363
2025-05-04 16:57:06,548 - GenerationEngine - INFO - ================================================================================
2025-05-04 16:57:06,596 - GenerationEngine - INFO - Saving features for KID comparison to: C:\Users\praam\Desktop\havetai+vetcyto\task-05_dataset\generation-engine_XYZ\stats_XYZ\temp_features_for_kid_comp
2025-05-04 16:57:06,965 - GenerationEngine - INFO - Saved real features to C:\Users\praam\Desktop\havetai+vetcyto\task-05_dataset\generation-engine_XYZ\stats_XYZ\temp_features_for_kid_comp\real_features.npy
2025-05-04 16:57:07,334 - GenerationEngine - INFO - Saved filtered gen features to C:\Users\praam\Desktop\havetai+vetcyto\task-05_dataset\generation-engine_XYZ\stats_XYZ\temp_features_for_kid_comp\filtered_gen_features.npy
2025-05-04 16:57:07,663 - GenerationEngine - INFO - Saved unfiltered gen features to C:\Users\praam\Desktop\havetai+vetcyto\task-05_dataset\generation-engine_XYZ\stats_XYZ\temp_features_for_kid_comp\unfiltered_gen_features.npy
2025-05-04 16:57:07,663 - GenerationEngine - INFO - Saved feature paths to C:\Users\praam\Desktop\havetai+vetcyto\task-05_dataset\generation-engine_XYZ\stats_XYZ\temp_features_for_kid_comp\feature_paths.json
2025-05-04 16:57:07,663 - GenerationEngine - INFO - Forcing memory cleanup after saving features
2025-05-04 16:57:07,963 - GenerationEngine - INFO - ================================================================================
2025-05-04 16:57:07,963 - GenerationEngine - INFO - Generation Engine completed successfully
2025-05-04 16:57:07,963 - GenerationEngine - INFO - Generated 62492 individual pollen images
2025-05-04 16:57:07,963 - GenerationEngine - INFO - Generated 4363 composed images with annotations
2025-05-04 16:57:07,963 - GenerationEngine - INFO - Total execution time: 8003.322 seconds
2025-05-04 16:57:07,963 - GenerationEngine - INFO - ================================================================================
2025-05-04 17:02:06,510 - GenerationEngine - INFO - ======================================== STARTING KID METHOD COMPARISON ========================================
2025-05-04 17:02:06,510 - GenerationEngine - INFO - Loading features for KID comparison from disk...
2025-05-04 17:02:06,682 - GenerationEngine - INFO - Loaded real features (shape: (60000, 2048)) from C:\Users\praam\Desktop\havetai+vetcyto\task-05_dataset\generation-engine_XYZ\stats_XYZ\temp_features_for_kid_comp\real_features.npy
2025-05-04 17:02:06,864 - GenerationEngine - INFO - Loaded filtered gen features (shape: (60000, 2048)) from C:\Users\praam\Desktop\havetai+vetcyto\task-05_dataset\generation-engine_XYZ\stats_XYZ\temp_features_for_kid_comp\filtered_gen_features.npy
2025-05-04 17:02:07,020 - GenerationEngine - INFO - Loaded unfiltered gen features (shape: (60000, 2048)) from C:\Users\praam\Desktop\havetai+vetcyto\task-05_dataset\generation-engine_XYZ\stats_XYZ\temp_features_for_kid_comp\unfiltered_gen_features.npy
2025-05-04 17:02:07,035 - GenerationEngine - INFO - Saving the KID Calculation Method Implementation Comparison results to: C:\Users\praam\Desktop\havetai+vetcyto\task-05_dataset\generation-engine_XYZ\graphs_XYZ\kid_methods_comparison
2025-05-04 17:02:07,037 - GenerationEngine - INFO - --- Comparing the KID methods for Filtered Data ---
2025-05-04 17:02:34,031 - GenerationEngine - INFO - Filtered KID (Continuation Method): 34.734607 ± 7.317645
2025-05-04 17:33:00,169 - GenerationEngine - INFO - ======================================== STARTING KID METHOD COMPARISON ========================================
2025-05-04 17:33:00,169 - GenerationEngine - INFO - Loading features for KID comparison from disk...
2025-05-04 17:33:00,572 - GenerationEngine - INFO - Loaded real features (shape: (60000, 2048)) from C:\Users\praam\Desktop\havetai+vetcyto\task-05_dataset\generation-engine_XYZ\stats_XYZ\temp_features_for_kid_comp\real_features.npy
2025-05-04 17:33:00,937 - GenerationEngine - INFO - Loaded filtered gen features (shape: (60000, 2048)) from C:\Users\praam\Desktop\havetai+vetcyto\task-05_dataset\generation-engine_XYZ\stats_XYZ\temp_features_for_kid_comp\filtered_gen_features.npy
2025-05-04 17:33:01,296 - GenerationEngine - INFO - Loaded unfiltered gen features (shape: (60000, 2048)) from C:\Users\praam\Desktop\havetai+vetcyto\task-05_dataset\generation-engine_XYZ\stats_XYZ\temp_features_for_kid_comp\unfiltered_gen_features.npy
2025-05-04 17:33:01,296 - GenerationEngine - INFO - Saving the KID Calculation Method Implementation Comparison results to: C:\Users\praam\Desktop\havetai+vetcyto\task-05_dataset\generation-engine_XYZ\graphs_XYZ\kid_methods_comparison
2025-05-04 17:33:01,296 - GenerationEngine - INFO - --- Comparing the KID methods for Filtered Data ---
2025-05-04 17:40:18,860 - GenerationEngine - INFO - ======================================== STARTING KID METHOD COMPARISON ========================================
2025-05-04 17:40:18,860 - GenerationEngine - INFO - Loading features for KID comparison from disk...
2025-05-04 17:40:19,089 - GenerationEngine - INFO - Loaded real features (shape: (60000, 2048)) from C:\Users\praam\Desktop\havetai+vetcyto\task-05_dataset\generation-engine_XYZ\stats_XYZ\temp_features_for_kid_comp\real_features.npy
2025-05-04 17:40:19,214 - GenerationEngine - INFO - Loaded filtered gen features (shape: (60000, 2048)) from C:\Users\praam\Desktop\havetai+vetcyto\task-05_dataset\generation-engine_XYZ\stats_XYZ\temp_features_for_kid_comp\filtered_gen_features.npy
2025-05-04 17:40:19,379 - GenerationEngine - INFO - Loaded unfiltered gen features (shape: (60000, 2048)) from C:\Users\praam\Desktop\havetai+vetcyto\task-05_dataset\generation-engine_XYZ\stats_XYZ\temp_features_for_kid_comp\unfiltered_gen_features.npy
2025-05-04 17:40:19,383 - GenerationEngine - INFO - Saving the KID Calculation Method Implementation Comparison results to: C:\Users\praam\Desktop\havetai+vetcyto\task-05_dataset\generation-engine_XYZ\graphs_XYZ\kid_methods_comparison
2025-05-04 17:40:19,383 - GenerationEngine - INFO - --- Comparing the KID methods for Filtered Data ---
2025-05-04 17:40:45,845 - GenerationEngine - INFO - Filtered KID (Continuation Method): 34.677892 ± 7.640813
2025-05-04 17:40:45,845 - GenerationEngine - INFO - Calculating KID (Generation Method) on 60000 samples.
2025-05-04 17:40:45,845 - GenerationEngine - INFO - Calculating KID kernel sums in 60 chunks of size approx 1000...
2025-05-04 17:45:34,654 - GenerationEngine - INFO - KID (Generation Method) chunked calculation complete.
2025-05-04 17:45:34,654 - GenerationEngine - INFO - Filtered KID (Generation Method): 24.072
2025-05-04 17:45:34,654 - GenerationEngine - INFO - --- Comparing the KID methods for Unfiltered Data ---
2025-05-04 17:46:01,717 - GenerationEngine - INFO - Unfiltered KID (Continuation Method): 38.020804 ± 6.983993
2025-05-04 17:46:01,717 - GenerationEngine - INFO - Calculating KID (Generation Method) on 60000 samples.
2025-05-04 17:46:01,717 - GenerationEngine - INFO - Calculating KID kernel sums in 60 chunks of size approx 1000...
2025-05-04 17:50:43,851 - GenerationEngine - INFO - KID (Generation Method) chunked calculation complete.
2025-05-04 17:50:43,851 - GenerationEngine - INFO - Unfiltered KID (Generation Method): 24.588
2025-05-04 17:50:43,851 - GenerationEngine - INFO - Generating the KID method comparison plot: C:\Users\praam\Desktop\havetai+vetcyto\task-05_dataset\generation-engine_XYZ\graphs_XYZ\kid_methods_comparison\kid_methods_comparison_20250504_175043.png
2025-05-04 17:50:44,179 - GenerationEngine - INFO - Saved the KID Calculation Method Implementation Comparison plot to C:\Users\praam\Desktop\havetai+vetcyto\task-05_dataset\generation-engine_XYZ\graphs_XYZ\kid_methods_comparison\kid_methods_comparison_20250504_175043.png
2025-05-04 17:50:44,481 - GenerationEngine - INFO - Cleaning up after KID comparison...
2025-05-04 17:50:44,804 - GenerationEngine - INFO - KID comparison cleanup complete
2025-05-04 17:50:44,804 - GenerationEngine - INFO - ======================================== FINISHED THE KID CALCULATION IMPLEMENTATION METHOD COMPARISON ========================================
