2025-04-24 16:54:50,085 [INFO] WGAN_Continuation_Enhanced - ================================================================================
2025-04-24 16:54:50,086 [INFO] WGAN_Continuation_Enhanced - WGAN-SN Training Continuation Script (Enhanced) - 2025-04-24 16:54:50.086849
2025-04-24 16:54:50,086 [INFO] WGAN_Continuation_Enhanced - Output directory: C:\Users\praam\Desktop\havetai+vetcyto\task-05_dataset\WGAN-SN_training-output_v2-151\continuation_enhanced
2025-04-24 16:54:50,087 [INFO] WGAN_Continuation_Enhanced - ================================================================================
2025-04-24 16:54:50,087 [INFO] WGAN_Continuation_Enhanced - Using manual seed: 42
2025-04-24 16:54:51,285 [INFO] WGAN_Continuation_Enhanced - Using device: cuda
2025-04-24 16:54:51,286 [INFO] WGAN_Continuation_Enhanced - CUDA Version: 12.1
2025-04-24 16:54:51,289 [INFO] WGAN_Continuation_Enhanced - GPU Name: NVIDIA GeForce RTX 3060 Laptop GPU
2025-04-24 16:54:51,289 [INFO] WGAN_Continuation_Enhanced - AMP Enabled: False
2025-04-24 16:54:51,290 [INFO] WGAN_Continuation_Enhanced - Gradient Clipping Enabled: False
2025-04-24 16:54:51,295 [INFO] WGAN_Continuation_Enhanced - --- Initialization Phase ---
2025-04-24 16:54:51,296 [INFO] WGAN_Continuation_Enhanced - Using best FID checkpoint: best_fid_checkpoint_v2151.pth.tar
2025-04-24 16:54:51,297 [INFO] WGAN_Continuation_Enhanced - Loading checkpoint from: C:\Users\praam\Desktop\havetai+vetcyto\task-05_dataset\WGAN-SN_training-output_v2-151\checkpoints\best_fid_checkpoint_v2151.pth.tar
2025-04-24 16:54:51,411 [INFO] WGAN_Continuation_Enhanced - Checkpoint loaded successfully!
2025-04-24 16:54:51,412 [INFO] WGAN_Continuation_Enhanced - Loaded checkpoint from Epoch 74, Step 71262
2025-04-24 16:54:51,412 [INFO] WGAN_Continuation_Enhanced - Training history: 74 loss points, 74 FID scores, 74 KID scores
2025-04-24 16:54:51,413 [INFO] WGAN_Continuation_Enhanced - Best scores: FID: 68.3213, KID: 0.003134
2025-04-24 16:54:51,413 [INFO] WGAN_Continuation_Enhanced - Original early stopping status: 17/10
2025-04-24 16:54:51,414 [INFO] WGAN_Continuation_Enhanced - Loaded original configuration from C:\Users\praam\Desktop\havetai+vetcyto\task-05_dataset\WGAN-SN_training-output_v2-151\training_config_v2151.json
2025-04-24 16:54:51,415 [INFO] WGAN_Continuation_Enhanced - Using new hyperparameters for continuation
2025-04-24 16:54:51,415 [INFO] WGAN_Continuation_Enhanced - Early stopping patience set to 50
2025-04-24 16:54:51,416 [INFO] WGAN_Continuation_Enhanced - 
=== Continuation Configuration ===
2025-04-24 16:54:51,416 [INFO] WGAN_Continuation_Enhanced - Starting from epoch: 74
2025-04-24 16:54:51,417 [INFO] WGAN_Continuation_Enhanced - Additional epochs: 250
2025-04-24 16:54:51,417 [INFO] WGAN_Continuation_Enhanced - Learning rate: 2e-05
2025-04-24 16:54:51,418 [INFO] WGAN_Continuation_Enhanced - Batch size: 64
2025-04-24 16:54:51,418 [INFO] WGAN_Continuation_Enhanced - Critic iterations: 5
2025-04-24 16:54:51,419 [INFO] WGAN_Continuation_Enhanced - Gradient clipping: False
2025-04-24 16:54:51,419 [INFO] WGAN_Continuation_Enhanced - Primary evaluation metric: FID
2025-04-24 16:54:51,419 [INFO] WGAN_Continuation_Enhanced - Early stopping patience: 50
2025-04-24 16:54:51,420 [INFO] WGAN_Continuation_Enhanced - Using best FID checkpoint
2025-04-24 16:54:51,420 [INFO] WGAN_Continuation_Enhanced - ================================

2025-04-24 16:54:51,422 [INFO] WGAN_Continuation_Enhanced - Saved continuation configuration
2025-04-24 16:54:51,422 [INFO] WGAN_Continuation_Enhanced - Initializing models...
2025-04-24 16:54:52,033 [INFO] WGAN_Continuation_Enhanced - Loading model weights from checkpoint...
2025-04-24 16:54:52,096 [INFO] WGAN_Continuation_Enhanced - Updated optimizer learning rates to 2e-05
2025-04-24 16:54:52,097 [INFO] WGAN_Continuation_Enhanced - Loaded GradScaler state for Generator.
2025-04-24 16:54:52,097 [INFO] WGAN_Continuation_Enhanced - Loaded GradScaler state for Critic.
2025-04-24 16:54:52,098 [INFO] WGAN_Continuation_Enhanced - Setting up Dataset and DataLoader...
2025-04-24 16:54:52,315 [INFO] WGAN_Continuation_Enhanced - DataLoader created with 963 batches per epoch.
2025-04-24 16:54:52,316 [INFO] WGAN_Continuation_Enhanced - Preparing for FID/KID calculation...
2025-04-24 16:54:52,652 [INFO] WGAN_Continuation_Enhanced - InceptionV3 model loaded for metrics.
2025-04-24 16:54:52,867 [INFO] WGAN_Continuation_Enhanced - Copying real stats and features from original run
2025-04-24 16:54:52,987 [INFO] WGAN_Continuation_Enhanced - Copied and loaded real stats and features successfully.
2025-04-24 16:54:52,989 [INFO] WGAN_Continuation_Enhanced - Successfully loaded/calculated real image statistics and features.
2025-04-24 16:54:53,242 [INFO] WGAN_Continuation_Enhanced - 
--- Starting Continuation Training from Epoch 75 ---
2025-04-24 16:54:53,243 [INFO] WGAN_Continuation_Enhanced - GPU Memory [Before Training Loop]: Allocated: 0.35 GB | Reserved: 0.37 GB
2025-04-24 16:55:24,177 [INFO] WGAN_Continuation_Enhanced - Step 71300 | Loss C: -0.0000, Loss G: 0.0247
2025-04-24 16:55:24,177 [INFO] WGAN_Continuation_Enhanced - GPU Memory [Step 71300]: Allocated: 0.50 GB | Reserved: 1.22 GB
2025-04-24 16:56:13,069 [INFO] WGAN_Continuation_Enhanced - Step 71400 | Loss C: 0.0000, Loss G: 0.0242
2025-04-24 16:56:13,070 [INFO] WGAN_Continuation_Enhanced - GPU Memory [Step 71400]: Allocated: 0.50 GB | Reserved: 1.22 GB
2025-04-24 16:57:08,469 [INFO] WGAN_Continuation_Enhanced - Step 71500 | Loss C: 0.0000, Loss G: 0.0221
2025-04-24 16:57:08,470 [INFO] WGAN_Continuation_Enhanced - GPU Memory [Step 71500]: Allocated: 0.50 GB | Reserved: 1.22 GB
2025-04-24 16:57:08,471 [INFO] WGAN_Continuation_Enhanced - Saving samples at step 71500
2025-04-24 16:58:05,845 [INFO] WGAN_Continuation_Enhanced - Step 71600 | Loss C: -0.0000, Loss G: 0.0311
2025-04-24 16:58:05,846 [INFO] WGAN_Continuation_Enhanced - GPU Memory [Step 71600]: Allocated: 0.50 GB | Reserved: 1.37 GB
2025-04-24 16:59:07,351 [INFO] WGAN_Continuation_Enhanced - Step 71700 | Loss C: -0.0000, Loss G: 0.0265
2025-04-24 16:59:07,352 [INFO] WGAN_Continuation_Enhanced - GPU Memory [Step 71700]: Allocated: 0.50 GB | Reserved: 1.37 GB
2025-04-24 17:00:13,137 [INFO] WGAN_Continuation_Enhanced - Step 71800 | Loss C: -0.0000, Loss G: 0.0257
2025-04-24 17:00:13,138 [INFO] WGAN_Continuation_Enhanced - GPU Memory [Step 71800]: Allocated: 0.50 GB | Reserved: 1.37 GB
2025-04-24 17:01:19,049 [INFO] WGAN_Continuation_Enhanced - Step 71900 | Loss C: -0.0000, Loss G: 0.0234
2025-04-24 17:01:19,050 [INFO] WGAN_Continuation_Enhanced - GPU Memory [Step 71900]: Allocated: 0.50 GB | Reserved: 1.37 GB
2025-04-24 17:02:28,398 [INFO] WGAN_Continuation_Enhanced - Step 72000 | Loss C: -0.0000, Loss G: 0.0291
2025-04-24 17:02:28,399 [INFO] WGAN_Continuation_Enhanced - GPU Memory [Step 72000]: Allocated: 0.50 GB | Reserved: 1.37 GB
2025-04-24 17:02:28,399 [INFO] WGAN_Continuation_Enhanced - Saving samples at step 72000
2025-04-24 17:03:38,502 [INFO] WGAN_Continuation_Enhanced - Step 72100 | Loss C: -0.0000, Loss G: 0.0286
2025-04-24 17:03:38,503 [INFO] WGAN_Continuation_Enhanced - GPU Memory [Step 72100]: Allocated: 0.50 GB | Reserved: 1.35 GB
2025-04-24 17:04:48,482 [INFO] WGAN_Continuation_Enhanced - Step 72200 | Loss C: 0.0000, Loss G: 0.0249
2025-04-24 17:04:48,483 [INFO] WGAN_Continuation_Enhanced - GPU Memory [Step 72200]: Allocated: 0.50 GB | Reserved: 1.35 GB
2025-04-24 17:05:05,919 [INFO] WGAN_Continuation_Enhanced - Epoch [75/324] Completed in 612.67s | Avg Loss C: -0.0000 | Avg Loss G: 0.0263
2025-04-24 17:05:06,173 [INFO] WGAN_Continuation_Enhanced - GPU Memory [After Epoch 75]: Allocated: 0.49 GB | Reserved: 0.65 GB
2025-04-24 17:05:06,173 [INFO] WGAN_Continuation_Enhanced - Calculating FID and KID using 10000 generated images...
2025-04-24 17:05:06,174 [INFO] WGAN_Continuation_Enhanced - Generating 10000 fake images & activations (157 batches)...
2025-04-24 17:05:43,153 [INFO] WGAN_Continuation_Enhanced - Calculating Frechet distance...
2025-04-24 17:05:46,745 [INFO] WGAN_Continuation_Enhanced - Calculated FID: 73.5136
2025-04-24 17:05:46,746 [INFO] WGAN_Continuation_Enhanced - Calculating KID score...
2025-04-24 17:05:46,747 [INFO] WGAN_Continuation_Enhanced - Using custom KID implementation with pre-computed features
2025-04-24 17:06:12,170 [INFO] WGAN_Continuation_Enhanced - Calculated KID (custom): 0.002459 ± 0.000564
2025-04-24 17:06:12,417 [INFO] WGAN_Continuation_Enhanced - --- FID Score @ Epoch 75: 73.5136 ---
2025-04-24 17:06:12,417 [INFO] WGAN_Continuation_Enhanced - --- KID Score @ Epoch 75: 0.002459 ± 0.000564 ---
2025-04-24 17:06:12,418 [INFO] WGAN_Continuation_Enhanced - KID improved: 0.003134 -> 0.002459. (Not primary metric)
2025-04-24 17:06:12,419 [INFO] WGAN_Continuation_Enhanced - Saving checkpoint to C:\Users\praam\Desktop\havetai+vetcyto\task-05_dataset\WGAN-SN_training-output_v2-151\continuation_enhanced\checkpoints\cont_best_kid_checkpoint.pth.tar
2025-04-24 17:06:12,859 [INFO] WGAN_Continuation_Enhanced - Checkpoint saved successfully.
2025-04-24 17:06:12,859 [INFO] WGAN_Continuation_Enhanced - FID did not improve. Patience: 1/50.
2025-04-24 17:06:13,256 [INFO] WGAN_Continuation_Enhanced - Saved loss plot to C:\Users\praam\Desktop\havetai+vetcyto\task-05_dataset\WGAN-SN_training-output_v2-151\continuation_enhanced\plots\cont_losses_current.png
2025-04-24 17:06:13,657 [INFO] WGAN_Continuation_Enhanced - Saved FID plot to C:\Users\praam\Desktop\havetai+vetcyto\task-05_dataset\WGAN-SN_training-output_v2-151\continuation_enhanced\plots\cont_fid_current.png
2025-04-24 17:06:14,050 [INFO] WGAN_Continuation_Enhanced - Saved KID plot to C:\Users\praam\Desktop\havetai+vetcyto\task-05_dataset\WGAN-SN_training-output_v2-151\continuation_enhanced\plots\cont_kid_current.png
2025-04-24 17:06:14,511 [INFO] WGAN_Continuation_Enhanced - Saved combined metrics plot to C:\Users\praam\Desktop\havetai+vetcyto\task-05_dataset\WGAN-SN_training-output_v2-151\continuation_enhanced\plots\cont_combined_metrics_current.png
2025-04-24 17:06:14,763 [INFO] WGAN_Continuation_Enhanced - Saving checkpoint to C:\Users\praam\Desktop\havetai+vetcyto\task-05_dataset\WGAN-SN_training-output_v2-151\continuation_enhanced\checkpoints\cont_checkpoint_epoch_0075_20250424_170614.pth.tar
2025-04-24 17:06:15,194 [INFO] WGAN_Continuation_Enhanced - Checkpoint saved successfully.
2025-04-24 17:06:15,195 [INFO] WGAN_Continuation_Enhanced - Saving checkpoint to C:\Users\praam\Desktop\havetai+vetcyto\task-05_dataset\WGAN-SN_training-output_v2-151\continuation_enhanced\checkpoints\cont_latest_checkpoint.pth.tar
2025-04-24 17:06:15,631 [INFO] WGAN_Continuation_Enhanced - Checkpoint saved successfully.
2025-04-24 17:07:07,726 [INFO] WGAN_Continuation_Enhanced - Step 72300 | Loss C: 0.0000, Loss G: 0.0197
2025-04-24 17:07:07,727 [INFO] WGAN_Continuation_Enhanced - GPU Memory [Step 72300]: Allocated: 0.50 GB | Reserved: 1.20 GB
2025-04-24 17:08:16,877 [INFO] WGAN_Continuation_Enhanced - Step 72400 | Loss C: -0.0000, Loss G: 0.0244
2025-04-24 17:08:16,878 [INFO] WGAN_Continuation_Enhanced - GPU Memory [Step 72400]: Allocated: 0.50 GB | Reserved: 1.20 GB
2025-04-24 17:09:27,632 [INFO] WGAN_Continuation_Enhanced - Step 72500 | Loss C: 0.0000, Loss G: 0.0241
2025-04-24 17:09:27,633 [INFO] WGAN_Continuation_Enhanced - GPU Memory [Step 72500]: Allocated: 0.50 GB | Reserved: 1.20 GB
2025-04-24 17:09:27,634 [INFO] WGAN_Continuation_Enhanced - Saving samples at step 72500
2025-04-24 17:10:38,863 [INFO] WGAN_Continuation_Enhanced - Step 72600 | Loss C: 0.0000, Loss G: 0.0206
2025-04-24 17:10:38,864 [INFO] WGAN_Continuation_Enhanced - GPU Memory [Step 72600]: Allocated: 0.50 GB | Reserved: 1.34 GB
2025-04-24 17:11:49,971 [INFO] WGAN_Continuation_Enhanced - Step 72700 | Loss C: 0.0000, Loss G: 0.0164
2025-04-24 17:11:49,972 [INFO] WGAN_Continuation_Enhanced - GPU Memory [Step 72700]: Allocated: 0.50 GB | Reserved: 1.34 GB
2025-04-24 17:13:01,074 [INFO] WGAN_Continuation_Enhanced - Step 72800 | Loss C: 0.0000, Loss G: 0.0173
2025-04-24 17:13:01,075 [INFO] WGAN_Continuation_Enhanced - GPU Memory [Step 72800]: Allocated: 0.50 GB | Reserved: 1.34 GB
2025-04-24 17:14:12,174 [INFO] WGAN_Continuation_Enhanced - Step 72900 | Loss C: -0.0000, Loss G: 0.0149
2025-04-24 17:14:12,175 [INFO] WGAN_Continuation_Enhanced - GPU Memory [Step 72900]: Allocated: 0.50 GB | Reserved: 1.34 GB
2025-04-24 17:15:23,297 [INFO] WGAN_Continuation_Enhanced - Step 73000 | Loss C: -0.0000, Loss G: 0.0222
2025-04-24 17:15:23,299 [INFO] WGAN_Continuation_Enhanced - GPU Memory [Step 73000]: Allocated: 0.50 GB | Reserved: 1.34 GB
2025-04-24 17:15:23,299 [INFO] WGAN_Continuation_Enhanced - Saving samples at step 73000
2025-04-24 17:16:34,549 [INFO] WGAN_Continuation_Enhanced - Step 73100 | Loss C: 0.0000, Loss G: 0.0187
2025-04-24 17:16:34,550 [INFO] WGAN_Continuation_Enhanced - GPU Memory [Step 73100]: Allocated: 0.50 GB | Reserved: 1.27 GB
2025-04-24 17:17:37,051 [INFO] WGAN_Continuation_Enhanced - Epoch [76/324] Completed in 681.42s | Avg Loss C: 0.0000 | Avg Loss G: 0.0196
2025-04-24 17:17:37,300 [INFO] WGAN_Continuation_Enhanced - GPU Memory [After Epoch 76]: Allocated: 0.49 GB | Reserved: 0.77 GB
2025-04-24 17:17:37,301 [INFO] WGAN_Continuation_Enhanced - Calculating FID and KID using 10000 generated images...
2025-04-24 17:17:37,301 [INFO] WGAN_Continuation_Enhanced - Generating 10000 fake images & activations (157 batches)...
2025-04-24 17:18:15,609 [INFO] WGAN_Continuation_Enhanced - Calculating Frechet distance...
2025-04-24 17:18:19,224 [INFO] WGAN_Continuation_Enhanced - Calculated FID: 79.7038
2025-04-24 17:18:19,225 [INFO] WGAN_Continuation_Enhanced - Calculating KID score...
2025-04-24 17:18:19,226 [INFO] WGAN_Continuation_Enhanced - Using custom KID implementation with pre-computed features
2025-04-24 17:18:44,290 [INFO] WGAN_Continuation_Enhanced - Calculated KID (custom): 0.002946 ± 0.000561
2025-04-24 17:18:44,540 [INFO] WGAN_Continuation_Enhanced - --- FID Score @ Epoch 76: 79.7038 ---
2025-04-24 17:18:44,541 [INFO] WGAN_Continuation_Enhanced - --- KID Score @ Epoch 76: 0.002946 ± 0.000561 ---
2025-04-24 17:18:44,542 [INFO] WGAN_Continuation_Enhanced - FID did not improve. Patience: 2/50.
2025-04-24 17:18:44,913 [INFO] WGAN_Continuation_Enhanced - Saved loss plot to C:\Users\praam\Desktop\havetai+vetcyto\task-05_dataset\WGAN-SN_training-output_v2-151\continuation_enhanced\plots\cont_losses_current.png
2025-04-24 17:18:45,294 [INFO] WGAN_Continuation_Enhanced - Saved FID plot to C:\Users\praam\Desktop\havetai+vetcyto\task-05_dataset\WGAN-SN_training-output_v2-151\continuation_enhanced\plots\cont_fid_current.png
2025-04-24 17:18:45,673 [INFO] WGAN_Continuation_Enhanced - Saved KID plot to C:\Users\praam\Desktop\havetai+vetcyto\task-05_dataset\WGAN-SN_training-output_v2-151\continuation_enhanced\plots\cont_kid_current.png
2025-04-24 17:18:46,116 [INFO] WGAN_Continuation_Enhanced - Saved combined metrics plot to C:\Users\praam\Desktop\havetai+vetcyto\task-05_dataset\WGAN-SN_training-output_v2-151\continuation_enhanced\plots\cont_combined_metrics_current.png
2025-04-24 17:18:46,365 [INFO] WGAN_Continuation_Enhanced - Saving checkpoint to C:\Users\praam\Desktop\havetai+vetcyto\task-05_dataset\WGAN-SN_training-output_v2-151\continuation_enhanced\checkpoints\cont_latest_checkpoint.pth.tar
2025-04-24 17:18:46,816 [INFO] WGAN_Continuation_Enhanced - Checkpoint saved successfully.
2025-04-24 17:19:05,589 [INFO] WGAN_Continuation_Enhanced - Step 73200 | Loss C: 0.0000, Loss G: 0.0124
2025-04-24 17:19:05,591 [INFO] WGAN_Continuation_Enhanced - GPU Memory [Step 73200]: Allocated: 0.50 GB | Reserved: 1.19 GB
2025-04-24 17:20:07,363 [INFO] WGAN_Continuation_Enhanced - Step 73300 | Loss C: 0.0000, Loss G: 0.0201
2025-04-24 17:20:07,364 [INFO] WGAN_Continuation_Enhanced - GPU Memory [Step 73300]: Allocated: 0.50 GB | Reserved: 1.19 GB
2025-04-24 17:21:18,451 [INFO] WGAN_Continuation_Enhanced - Step 73400 | Loss C: 0.0000, Loss G: 0.0187
2025-04-24 17:21:18,452 [INFO] WGAN_Continuation_Enhanced - GPU Memory [Step 73400]: Allocated: 0.50 GB | Reserved: 1.19 GB
2025-04-24 17:22:29,542 [INFO] WGAN_Continuation_Enhanced - Step 73500 | Loss C: -0.0000, Loss G: 0.0143
2025-04-24 17:22:29,543 [INFO] WGAN_Continuation_Enhanced - GPU Memory [Step 73500]: Allocated: 0.50 GB | Reserved: 1.19 GB
2025-04-24 17:22:29,544 [INFO] WGAN_Continuation_Enhanced - Saving samples at step 73500
2025-04-24 17:23:40,791 [INFO] WGAN_Continuation_Enhanced - Step 73600 | Loss C: -0.0000, Loss G: 0.0083
2025-04-24 17:23:40,792 [INFO] WGAN_Continuation_Enhanced - GPU Memory [Step 73600]: Allocated: 0.50 GB | Reserved: 1.17 GB
2025-04-24 17:24:51,847 [INFO] WGAN_Continuation_Enhanced - Step 73700 | Loss C: -0.0000, Loss G: 0.0099
2025-04-24 17:24:51,848 [INFO] WGAN_Continuation_Enhanced - GPU Memory [Step 73700]: Allocated: 0.50 GB | Reserved: 1.17 GB
2025-04-24 17:26:02,885 [INFO] WGAN_Continuation_Enhanced - Step 73800 | Loss C: -0.0000, Loss G: 0.0091
2025-04-24 17:26:02,886 [INFO] WGAN_Continuation_Enhanced - GPU Memory [Step 73800]: Allocated: 0.50 GB | Reserved: 1.17 GB
2025-04-24 17:27:13,935 [INFO] WGAN_Continuation_Enhanced - Step 73900 | Loss C: -0.0000, Loss G: 0.0201
2025-04-24 17:27:13,936 [INFO] WGAN_Continuation_Enhanced - GPU Memory [Step 73900]: Allocated: 0.50 GB | Reserved: 1.17 GB
2025-04-24 17:28:24,995 [INFO] WGAN_Continuation_Enhanced - Step 74000 | Loss C: -0.0000, Loss G: 0.0173
2025-04-24 17:28:24,996 [INFO] WGAN_Continuation_Enhanced - GPU Memory [Step 74000]: Allocated: 0.50 GB | Reserved: 1.17 GB
2025-04-24 17:28:24,996 [INFO] WGAN_Continuation_Enhanced - Saving samples at step 74000
2025-04-24 17:29:36,173 [INFO] WGAN_Continuation_Enhanced - Step 74100 | Loss C: -0.0000, Loss G: 0.0126
2025-04-24 17:29:36,174 [INFO] WGAN_Continuation_Enhanced - GPU Memory [Step 74100]: Allocated: 0.50 GB | Reserved: 1.25 GB
2025-04-24 17:30:12,346 [INFO] WGAN_Continuation_Enhanced - Epoch [77/324] Completed in 685.53s | Avg Loss C: -0.0000 | Avg Loss G: 0.0145
2025-04-24 17:30:12,595 [INFO] WGAN_Continuation_Enhanced - GPU Memory [After Epoch 77]: Allocated: 0.49 GB | Reserved: 0.59 GB
2025-04-24 17:30:12,595 [INFO] WGAN_Continuation_Enhanced - Calculating FID and KID using 10000 generated images...
2025-04-24 17:30:12,596 [INFO] WGAN_Continuation_Enhanced - Generating 10000 fake images & activations (157 batches)...
2025-04-24 17:30:50,792 [INFO] WGAN_Continuation_Enhanced - Calculating Frechet distance...
2025-04-24 17:30:54,880 [INFO] WGAN_Continuation_Enhanced - Calculated FID: 72.7016
2025-04-24 17:30:54,881 [INFO] WGAN_Continuation_Enhanced - Calculating KID score...
2025-04-24 17:30:54,881 [INFO] WGAN_Continuation_Enhanced - Using custom KID implementation with pre-computed features
2025-04-24 17:31:21,988 [INFO] WGAN_Continuation_Enhanced - Calculated KID (custom): 0.002374 ± 0.000512
2025-04-24 17:31:22,250 [INFO] WGAN_Continuation_Enhanced - --- FID Score @ Epoch 77: 72.7016 ---
2025-04-24 17:31:22,251 [INFO] WGAN_Continuation_Enhanced - --- KID Score @ Epoch 77: 0.002374 ± 0.000512 ---
2025-04-24 17:31:22,251 [INFO] WGAN_Continuation_Enhanced - KID improved: 0.002459 -> 0.002374. (Not primary metric)
2025-04-24 17:31:22,253 [INFO] WGAN_Continuation_Enhanced - Saving checkpoint to C:\Users\praam\Desktop\havetai+vetcyto\task-05_dataset\WGAN-SN_training-output_v2-151\continuation_enhanced\checkpoints\cont_best_kid_checkpoint.pth.tar
2025-04-24 17:31:22,725 [INFO] WGAN_Continuation_Enhanced - Checkpoint saved successfully.
2025-04-24 17:31:22,726 [INFO] WGAN_Continuation_Enhanced - FID did not improve. Patience: 3/50.
2025-04-24 17:31:23,110 [INFO] WGAN_Continuation_Enhanced - Saved loss plot to C:\Users\praam\Desktop\havetai+vetcyto\task-05_dataset\WGAN-SN_training-output_v2-151\continuation_enhanced\plots\cont_losses_current.png
2025-04-24 17:31:23,512 [INFO] WGAN_Continuation_Enhanced - Saved FID plot to C:\Users\praam\Desktop\havetai+vetcyto\task-05_dataset\WGAN-SN_training-output_v2-151\continuation_enhanced\plots\cont_fid_current.png
2025-04-24 17:31:23,911 [INFO] WGAN_Continuation_Enhanced - Saved KID plot to C:\Users\praam\Desktop\havetai+vetcyto\task-05_dataset\WGAN-SN_training-output_v2-151\continuation_enhanced\plots\cont_kid_current.png
2025-04-24 17:31:24,381 [INFO] WGAN_Continuation_Enhanced - Saved combined metrics plot to C:\Users\praam\Desktop\havetai+vetcyto\task-05_dataset\WGAN-SN_training-output_v2-151\continuation_enhanced\plots\cont_combined_metrics_current.png
2025-04-24 17:31:24,654 [INFO] WGAN_Continuation_Enhanced - Saving checkpoint to C:\Users\praam\Desktop\havetai+vetcyto\task-05_dataset\WGAN-SN_training-output_v2-151\continuation_enhanced\checkpoints\cont_latest_checkpoint.pth.tar
2025-04-24 17:31:25,128 [INFO] WGAN_Continuation_Enhanced - Checkpoint saved successfully.
2025-04-24 17:32:04,166 [INFO] WGAN_Continuation_Enhanced - Step 74200 | Loss C: -0.0000, Loss G: 0.0136
2025-04-24 17:32:04,166 [INFO] WGAN_Continuation_Enhanced - GPU Memory [Step 74200]: Allocated: 0.50 GB | Reserved: 1.17 GB
2025-04-24 17:32:22,185 [WARNING] WGAN_Continuation_Enhanced - Critic loss spike detected at Step 74228: 0.0000 (mean: -0.0000, std: 0.0000)
2025-04-24 17:33:11,227 [INFO] WGAN_Continuation_Enhanced - Step 74300 | Loss C: -0.0000, Loss G: 0.0123
2025-04-24 17:33:11,228 [INFO] WGAN_Continuation_Enhanced - GPU Memory [Step 74300]: Allocated: 0.50 GB | Reserved: 1.17 GB
2025-04-24 17:33:21,173 [WARNING] WGAN_Continuation_Enhanced - Critic loss spike detected at Step 74314: -0.0000 (mean: 0.0000, std: 0.0000)
2025-04-24 17:34:22,275 [INFO] WGAN_Continuation_Enhanced - Step 74400 | Loss C: 0.0000, Loss G: 0.0053
2025-04-24 17:34:22,276 [INFO] WGAN_Continuation_Enhanced - GPU Memory [Step 74400]: Allocated: 0.50 GB | Reserved: 1.17 GB
2025-04-24 17:35:33,321 [INFO] WGAN_Continuation_Enhanced - Step 74500 | Loss C: 0.0000, Loss G: 0.0091
2025-04-24 17:35:33,321 [INFO] WGAN_Continuation_Enhanced - GPU Memory [Step 74500]: Allocated: 0.50 GB | Reserved: 1.17 GB
2025-04-24 17:35:33,322 [INFO] WGAN_Continuation_Enhanced - Saving samples at step 74500
2025-04-24 17:36:44,515 [INFO] WGAN_Continuation_Enhanced - Step 74600 | Loss C: -0.0000, Loss G: 0.0149
2025-04-24 17:36:44,517 [INFO] WGAN_Continuation_Enhanced - GPU Memory [Step 74600]: Allocated: 0.50 GB | Reserved: 1.19 GB
2025-04-24 17:37:55,566 [INFO] WGAN_Continuation_Enhanced - Step 74700 | Loss C: -0.0000, Loss G: 0.0120
2025-04-24 17:37:55,568 [INFO] WGAN_Continuation_Enhanced - GPU Memory [Step 74700]: Allocated: 0.50 GB | Reserved: 1.19 GB
2025-04-24 17:39:06,617 [INFO] WGAN_Continuation_Enhanced - Step 74800 | Loss C: 0.0000, Loss G: 0.0071
2025-04-24 17:39:06,618 [INFO] WGAN_Continuation_Enhanced - GPU Memory [Step 74800]: Allocated: 0.50 GB | Reserved: 1.19 GB
2025-04-24 17:40:17,673 [INFO] WGAN_Continuation_Enhanced - Step 74900 | Loss C: 0.0000, Loss G: 0.0143
2025-04-24 17:40:17,674 [INFO] WGAN_Continuation_Enhanced - GPU Memory [Step 74900]: Allocated: 0.50 GB | Reserved: 1.19 GB
2025-04-24 17:41:28,725 [INFO] WGAN_Continuation_Enhanced - Step 75000 | Loss C: 0.0000, Loss G: 0.0146
2025-04-24 17:41:28,726 [INFO] WGAN_Continuation_Enhanced - GPU Memory [Step 75000]: Allocated: 0.50 GB | Reserved: 1.19 GB
2025-04-24 17:41:28,726 [INFO] WGAN_Continuation_Enhanced - Saving samples at step 75000
2025-04-24 17:42:39,905 [INFO] WGAN_Continuation_Enhanced - Step 75100 | Loss C: 0.0000, Loss G: 0.0159
2025-04-24 17:42:39,907 [INFO] WGAN_Continuation_Enhanced - GPU Memory [Step 75100]: Allocated: 0.50 GB | Reserved: 1.28 GB
2025-04-24 17:42:49,809 [INFO] WGAN_Continuation_Enhanced - Epoch [78/324] Completed in 684.68s | Avg Loss C: 0.0000 | Avg Loss G: 0.0118
2025-04-24 17:42:50,066 [INFO] WGAN_Continuation_Enhanced - GPU Memory [After Epoch 78]: Allocated: 0.49 GB | Reserved: 0.69 GB
2025-04-24 17:42:50,066 [INFO] WGAN_Continuation_Enhanced - Calculating FID and KID using 10000 generated images...
2025-04-24 17:42:50,067 [INFO] WGAN_Continuation_Enhanced - Generating 10000 fake images & activations (157 batches)...
2025-04-24 17:43:28,067 [INFO] WGAN_Continuation_Enhanced - Calculating Frechet distance...
2025-04-24 17:43:31,808 [INFO] WGAN_Continuation_Enhanced - Calculated FID: 75.1680
2025-04-24 17:43:31,809 [INFO] WGAN_Continuation_Enhanced - Calculating KID score...
2025-04-24 17:43:31,809 [INFO] WGAN_Continuation_Enhanced - Using custom KID implementation with pre-computed features
2025-04-24 17:43:57,316 [INFO] WGAN_Continuation_Enhanced - Calculated KID (custom): 0.002860 ± 0.000569
2025-04-24 17:43:57,569 [INFO] WGAN_Continuation_Enhanced - --- FID Score @ Epoch 78: 75.1680 ---
2025-04-24 17:43:57,570 [INFO] WGAN_Continuation_Enhanced - --- KID Score @ Epoch 78: 0.002860 ± 0.000569 ---
2025-04-24 17:43:57,571 [INFO] WGAN_Continuation_Enhanced - FID did not improve. Patience: 4/50.
2025-04-24 17:43:57,967 [INFO] WGAN_Continuation_Enhanced - Saved loss plot to C:\Users\praam\Desktop\havetai+vetcyto\task-05_dataset\WGAN-SN_training-output_v2-151\continuation_enhanced\plots\cont_losses_current.png
2025-04-24 17:43:58,372 [INFO] WGAN_Continuation_Enhanced - Saved FID plot to C:\Users\praam\Desktop\havetai+vetcyto\task-05_dataset\WGAN-SN_training-output_v2-151\continuation_enhanced\plots\cont_fid_current.png
2025-04-24 17:43:58,786 [INFO] WGAN_Continuation_Enhanced - Saved KID plot to C:\Users\praam\Desktop\havetai+vetcyto\task-05_dataset\WGAN-SN_training-output_v2-151\continuation_enhanced\plots\cont_kid_current.png
2025-04-24 17:43:59,258 [INFO] WGAN_Continuation_Enhanced - Saved combined metrics plot to C:\Users\praam\Desktop\havetai+vetcyto\task-05_dataset\WGAN-SN_training-output_v2-151\continuation_enhanced\plots\cont_combined_metrics_current.png
2025-04-24 17:43:59,508 [INFO] WGAN_Continuation_Enhanced - Saving checkpoint to C:\Users\praam\Desktop\havetai+vetcyto\task-05_dataset\WGAN-SN_training-output_v2-151\continuation_enhanced\checkpoints\cont_latest_checkpoint.pth.tar
2025-04-24 17:43:59,973 [INFO] WGAN_Continuation_Enhanced - Checkpoint saved successfully.
2025-04-24 17:45:01,124 [INFO] WGAN_Continuation_Enhanced - Step 75200 | Loss C: 0.0000, Loss G: 0.0162
2025-04-24 17:45:01,125 [INFO] WGAN_Continuation_Enhanced - GPU Memory [Step 75200]: Allocated: 0.50 GB | Reserved: 1.28 GB
2025-04-24 17:46:12,101 [INFO] WGAN_Continuation_Enhanced - Step 75300 | Loss C: 0.0000, Loss G: 0.0154
2025-04-24 17:46:12,102 [INFO] WGAN_Continuation_Enhanced - GPU Memory [Step 75300]: Allocated: 0.50 GB | Reserved: 1.28 GB
2025-04-24 17:47:23,121 [INFO] WGAN_Continuation_Enhanced - Step 75400 | Loss C: -0.0000, Loss G: 0.0126
2025-04-24 17:47:23,122 [INFO] WGAN_Continuation_Enhanced - GPU Memory [Step 75400]: Allocated: 0.50 GB | Reserved: 1.28 GB
2025-04-24 17:48:33,461 [WARNING] WGAN_Continuation_Enhanced - Critic loss spike detected at Step 75499: -0.0000 (mean: -0.0000, std: 0.0000)
2025-04-24 17:48:34,172 [INFO] WGAN_Continuation_Enhanced - Step 75500 | Loss C: -0.0000, Loss G: 0.0190
2025-04-24 17:48:34,173 [INFO] WGAN_Continuation_Enhanced - GPU Memory [Step 75500]: Allocated: 0.50 GB | Reserved: 1.28 GB
2025-04-24 17:48:34,173 [INFO] WGAN_Continuation_Enhanced - Saving samples at step 75500
2025-04-24 17:48:36,443 [WARNING] WGAN_Continuation_Enhanced - Critic loss spike detected at Step 75503: -0.0000 (mean: -0.0000, std: 0.0000)
2025-04-24 17:49:45,361 [INFO] WGAN_Continuation_Enhanced - Step 75600 | Loss C: 0.0000, Loss G: 0.0194
2025-04-24 17:49:45,362 [INFO] WGAN_Continuation_Enhanced - GPU Memory [Step 75600]: Allocated: 0.50 GB | Reserved: 1.20 GB
2025-04-24 17:50:56,414 [INFO] WGAN_Continuation_Enhanced - Step 75700 | Loss C: 0.0000, Loss G: 0.0257
2025-04-24 17:50:56,415 [INFO] WGAN_Continuation_Enhanced - GPU Memory [Step 75700]: Allocated: 0.50 GB | Reserved: 1.20 GB
2025-04-24 17:52:07,467 [INFO] WGAN_Continuation_Enhanced - Step 75800 | Loss C: -0.0000, Loss G: 0.0269
2025-04-24 17:52:07,468 [INFO] WGAN_Continuation_Enhanced - GPU Memory [Step 75800]: Allocated: 0.50 GB | Reserved: 1.20 GB
2025-04-24 17:53:18,510 [INFO] WGAN_Continuation_Enhanced - Step 75900 | Loss C: -0.0000, Loss G: 0.0276
2025-04-24 17:53:18,511 [INFO] WGAN_Continuation_Enhanced - GPU Memory [Step 75900]: Allocated: 0.50 GB | Reserved: 1.20 GB
2025-04-24 17:54:29,565 [INFO] WGAN_Continuation_Enhanced - Step 76000 | Loss C: -0.0000, Loss G: 0.0275
2025-04-24 17:54:29,566 [INFO] WGAN_Continuation_Enhanced - GPU Memory [Step 76000]: Allocated: 0.50 GB | Reserved: 1.20 GB
2025-04-24 17:54:29,566 [INFO] WGAN_Continuation_Enhanced - Saving samples at step 76000
2025-04-24 17:55:24,211 [INFO] WGAN_Continuation_Enhanced - Epoch [79/324] Completed in 684.24s | Avg Loss C: -0.0000 | Avg Loss G: 0.0211
2025-04-24 17:55:24,463 [INFO] WGAN_Continuation_Enhanced - GPU Memory [After Epoch 79]: Allocated: 0.49 GB | Reserved: 0.71 GB
2025-04-24 17:55:24,464 [INFO] WGAN_Continuation_Enhanced - Calculating FID and KID using 10000 generated images...
2025-04-24 17:55:24,464 [INFO] WGAN_Continuation_Enhanced - Generating 10000 fake images & activations (157 batches)...
2025-04-24 17:56:02,614 [INFO] WGAN_Continuation_Enhanced - Calculating Frechet distance...
2025-04-24 17:56:06,637 [INFO] WGAN_Continuation_Enhanced - Calculated FID: 76.4434
2025-04-24 17:56:06,638 [INFO] WGAN_Continuation_Enhanced - Calculating KID score...
2025-04-24 17:56:06,638 [INFO] WGAN_Continuation_Enhanced - Using custom KID implementation with pre-computed features
2025-04-24 17:56:32,156 [INFO] WGAN_Continuation_Enhanced - Calculated KID (custom): 0.002623 ± 0.000524
2025-04-24 17:56:32,415 [INFO] WGAN_Continuation_Enhanced - --- FID Score @ Epoch 79: 76.4434 ---
2025-04-24 17:56:32,416 [INFO] WGAN_Continuation_Enhanced - --- KID Score @ Epoch 79: 0.002623 ± 0.000524 ---
2025-04-24 17:56:32,417 [INFO] WGAN_Continuation_Enhanced - FID did not improve. Patience: 5/50.
2025-04-24 17:56:32,784 [INFO] WGAN_Continuation_Enhanced - Saved loss plot to C:\Users\praam\Desktop\havetai+vetcyto\task-05_dataset\WGAN-SN_training-output_v2-151\continuation_enhanced\plots\cont_losses_current.png
2025-04-24 17:56:33,170 [INFO] WGAN_Continuation_Enhanced - Saved FID plot to C:\Users\praam\Desktop\havetai+vetcyto\task-05_dataset\WGAN-SN_training-output_v2-151\continuation_enhanced\plots\cont_fid_current.png
2025-04-24 17:56:33,551 [INFO] WGAN_Continuation_Enhanced - Saved KID plot to C:\Users\praam\Desktop\havetai+vetcyto\task-05_dataset\WGAN-SN_training-output_v2-151\continuation_enhanced\plots\cont_kid_current.png
2025-04-24 17:56:34,020 [INFO] WGAN_Continuation_Enhanced - Saved combined metrics plot to C:\Users\praam\Desktop\havetai+vetcyto\task-05_dataset\WGAN-SN_training-output_v2-151\continuation_enhanced\plots\cont_combined_metrics_current.png
2025-04-24 17:56:34,275 [INFO] WGAN_Continuation_Enhanced - Saving checkpoint to C:\Users\praam\Desktop\havetai+vetcyto\task-05_dataset\WGAN-SN_training-output_v2-151\continuation_enhanced\checkpoints\cont_latest_checkpoint.pth.tar
2025-04-24 17:56:34,730 [INFO] WGAN_Continuation_Enhanced - Checkpoint saved successfully.
2025-04-24 17:56:58,794 [INFO] WGAN_Continuation_Enhanced - Step 76100 | Loss C: -0.0000, Loss G: 0.0199
2025-04-24 17:56:58,795 [INFO] WGAN_Continuation_Enhanced - GPU Memory [Step 76100]: Allocated: 0.50 GB | Reserved: 1.17 GB
2025-04-24 17:58:02,266 [INFO] WGAN_Continuation_Enhanced - Step 76200 | Loss C: -0.0000, Loss G: 0.0188
2025-04-24 17:58:02,267 [INFO] WGAN_Continuation_Enhanced - GPU Memory [Step 76200]: Allocated: 0.50 GB | Reserved: 1.17 GB
2025-04-24 17:59:13,306 [INFO] WGAN_Continuation_Enhanced - Step 76300 | Loss C: -0.0000, Loss G: 0.0165
2025-04-24 17:59:13,307 [INFO] WGAN_Continuation_Enhanced - GPU Memory [Step 76300]: Allocated: 0.50 GB | Reserved: 1.17 GB
2025-04-24 18:00:24,351 [INFO] WGAN_Continuation_Enhanced - Step 76400 | Loss C: 0.0000, Loss G: 0.0197
2025-04-24 18:00:24,352 [INFO] WGAN_Continuation_Enhanced - GPU Memory [Step 76400]: Allocated: 0.50 GB | Reserved: 1.17 GB
2025-04-24 18:01:35,390 [INFO] WGAN_Continuation_Enhanced - Step 76500 | Loss C: 0.0000, Loss G: 0.0199
2025-04-24 18:01:35,391 [INFO] WGAN_Continuation_Enhanced - GPU Memory [Step 76500]: Allocated: 0.50 GB | Reserved: 1.17 GB
2025-04-24 18:01:35,392 [INFO] WGAN_Continuation_Enhanced - Saving samples at step 76500
2025-04-24 18:02:46,559 [INFO] WGAN_Continuation_Enhanced - Step 76600 | Loss C: 0.0000, Loss G: 0.0238
2025-04-24 18:02:46,561 [INFO] WGAN_Continuation_Enhanced - GPU Memory [Step 76600]: Allocated: 0.50 GB | Reserved: 1.15 GB
2025-04-24 18:03:57,597 [INFO] WGAN_Continuation_Enhanced - Step 76700 | Loss C: -0.0000, Loss G: 0.0247
2025-04-24 18:03:57,597 [INFO] WGAN_Continuation_Enhanced - GPU Memory [Step 76700]: Allocated: 0.50 GB | Reserved: 1.15 GB
2025-04-24 18:05:08,632 [INFO] WGAN_Continuation_Enhanced - Step 76800 | Loss C: 0.0000, Loss G: 0.0211
2025-04-24 18:05:08,633 [INFO] WGAN_Continuation_Enhanced - GPU Memory [Step 76800]: Allocated: 0.50 GB | Reserved: 1.15 GB
2025-04-24 18:06:19,758 [INFO] WGAN_Continuation_Enhanced - Step 76900 | Loss C: 0.0000, Loss G: 0.0222
2025-04-24 18:06:19,759 [INFO] WGAN_Continuation_Enhanced - GPU Memory [Step 76900]: Allocated: 0.50 GB | Reserved: 1.15 GB
2025-04-24 18:07:30,822 [INFO] WGAN_Continuation_Enhanced - Step 77000 | Loss C: 0.0000, Loss G: 0.0226
2025-04-24 18:07:30,823 [INFO] WGAN_Continuation_Enhanced - GPU Memory [Step 77000]: Allocated: 0.50 GB | Reserved: 1.15 GB
2025-04-24 18:07:30,824 [INFO] WGAN_Continuation_Enhanced - Saving samples at step 77000
2025-04-24 18:07:59,341 [INFO] WGAN_Continuation_Enhanced - Epoch [80/324] Completed in 684.61s | Avg Loss C: -0.0000 | Avg Loss G: 0.0204
2025-04-24 18:07:59,592 [INFO] WGAN_Continuation_Enhanced - GPU Memory [After Epoch 80]: Allocated: 0.49 GB | Reserved: 0.67 GB
2025-04-24 18:07:59,592 [INFO] WGAN_Continuation_Enhanced - Calculating FID and KID using 10000 generated images...
2025-04-24 18:07:59,593 [INFO] WGAN_Continuation_Enhanced - Generating 10000 fake images & activations (157 batches)...
2025-04-24 18:08:37,843 [INFO] WGAN_Continuation_Enhanced - Calculating Frechet distance...
2025-04-24 18:08:41,763 [INFO] WGAN_Continuation_Enhanced - Calculated FID: 80.3082
2025-04-24 18:08:41,763 [INFO] WGAN_Continuation_Enhanced - Calculating KID score...
2025-04-24 18:08:41,764 [INFO] WGAN_Continuation_Enhanced - Using custom KID implementation with pre-computed features
2025-04-24 18:09:07,283 [INFO] WGAN_Continuation_Enhanced - Calculated KID (custom): 0.003354 ± 0.000637
2025-04-24 18:09:07,536 [INFO] WGAN_Continuation_Enhanced - --- FID Score @ Epoch 80: 80.3082 ---
2025-04-24 18:09:07,537 [INFO] WGAN_Continuation_Enhanced - --- KID Score @ Epoch 80: 0.003354 ± 0.000637 ---
2025-04-24 18:09:07,538 [INFO] WGAN_Continuation_Enhanced - FID did not improve. Patience: 6/50.
2025-04-24 18:09:07,920 [INFO] WGAN_Continuation_Enhanced - Saved loss plot to C:\Users\praam\Desktop\havetai+vetcyto\task-05_dataset\WGAN-SN_training-output_v2-151\continuation_enhanced\plots\cont_losses_current.png
2025-04-24 18:09:08,304 [INFO] WGAN_Continuation_Enhanced - Saved FID plot to C:\Users\praam\Desktop\havetai+vetcyto\task-05_dataset\WGAN-SN_training-output_v2-151\continuation_enhanced\plots\cont_fid_current.png
2025-04-24 18:09:08,687 [INFO] WGAN_Continuation_Enhanced - Saved KID plot to C:\Users\praam\Desktop\havetai+vetcyto\task-05_dataset\WGAN-SN_training-output_v2-151\continuation_enhanced\plots\cont_kid_current.png
2025-04-24 18:09:09,156 [INFO] WGAN_Continuation_Enhanced - Saved combined metrics plot to C:\Users\praam\Desktop\havetai+vetcyto\task-05_dataset\WGAN-SN_training-output_v2-151\continuation_enhanced\plots\cont_combined_metrics_current.png
2025-04-24 18:09:09,424 [INFO] WGAN_Continuation_Enhanced - Saving checkpoint to C:\Users\praam\Desktop\havetai+vetcyto\task-05_dataset\WGAN-SN_training-output_v2-151\continuation_enhanced\checkpoints\cont_checkpoint_epoch_0080_20250424_180909.pth.tar
2025-04-24 18:09:09,853 [INFO] WGAN_Continuation_Enhanced - Checkpoint saved successfully.
2025-04-24 18:09:09,854 [INFO] WGAN_Continuation_Enhanced - Saving checkpoint to C:\Users\praam\Desktop\havetai+vetcyto\task-05_dataset\WGAN-SN_training-output_v2-151\continuation_enhanced\checkpoints\cont_latest_checkpoint.pth.tar
2025-04-24 18:09:10,308 [INFO] WGAN_Continuation_Enhanced - Checkpoint saved successfully.
2025-04-24 18:09:54,532 [INFO] WGAN_Continuation_Enhanced - Step 77100 | Loss C: 0.0000, Loss G: 0.0252
2025-04-24 18:09:54,533 [INFO] WGAN_Continuation_Enhanced - GPU Memory [Step 77100]: Allocated: 0.50 GB | Reserved: 1.20 GB
2025-04-24 18:11:02,582 [INFO] WGAN_Continuation_Enhanced - Step 77200 | Loss C: 0.0000, Loss G: 0.0199
2025-04-24 18:11:02,583 [INFO] WGAN_Continuation_Enhanced - GPU Memory [Step 77200]: Allocated: 0.50 GB | Reserved: 1.20 GB
2025-04-24 18:12:13,615 [INFO] WGAN_Continuation_Enhanced - Step 77300 | Loss C: -0.0000, Loss G: 0.0202
2025-04-24 18:12:13,616 [INFO] WGAN_Continuation_Enhanced - GPU Memory [Step 77300]: Allocated: 0.50 GB | Reserved: 1.20 GB
2025-04-24 18:13:24,745 [INFO] WGAN_Continuation_Enhanced - Step 77400 | Loss C: 0.0000, Loss G: 0.0214
2025-04-24 18:13:24,746 [INFO] WGAN_Continuation_Enhanced - GPU Memory [Step 77400]: Allocated: 0.50 GB | Reserved: 1.20 GB
2025-04-24 18:14:35,844 [INFO] WGAN_Continuation_Enhanced - Step 77500 | Loss C: -0.0000, Loss G: 0.0210
2025-04-24 18:14:35,846 [INFO] WGAN_Continuation_Enhanced - GPU Memory [Step 77500]: Allocated: 0.50 GB | Reserved: 1.20 GB
2025-04-24 18:14:35,846 [INFO] WGAN_Continuation_Enhanced - Saving samples at step 77500
2025-04-24 18:15:47,082 [INFO] WGAN_Continuation_Enhanced - Step 77600 | Loss C: -0.0000, Loss G: 0.0151
2025-04-24 18:15:47,083 [INFO] WGAN_Continuation_Enhanced - GPU Memory [Step 77600]: Allocated: 0.50 GB | Reserved: 1.36 GB
2025-04-24 18:16:58,192 [INFO] WGAN_Continuation_Enhanced - Step 77700 | Loss C: -0.0000, Loss G: 0.0217
2025-04-24 18:16:58,193 [INFO] WGAN_Continuation_Enhanced - GPU Memory [Step 77700]: Allocated: 0.50 GB | Reserved: 1.36 GB
2025-04-24 18:18:09,330 [INFO] WGAN_Continuation_Enhanced - Step 77800 | Loss C: -0.0000, Loss G: 0.0196
2025-04-24 18:18:09,331 [INFO] WGAN_Continuation_Enhanced - GPU Memory [Step 77800]: Allocated: 0.50 GB | Reserved: 1.36 GB
2025-04-24 18:19:20,389 [INFO] WGAN_Continuation_Enhanced - Step 77900 | Loss C: 0.0000, Loss G: 0.0218
2025-04-24 18:19:20,390 [INFO] WGAN_Continuation_Enhanced - GPU Memory [Step 77900]: Allocated: 0.50 GB | Reserved: 1.36 GB
2025-04-24 18:20:31,436 [INFO] WGAN_Continuation_Enhanced - Step 78000 | Loss C: -0.0000, Loss G: 0.0240
2025-04-24 18:20:31,437 [INFO] WGAN_Continuation_Enhanced - GPU Memory [Step 78000]: Allocated: 0.50 GB | Reserved: 1.36 GB
2025-04-24 18:20:31,438 [INFO] WGAN_Continuation_Enhanced - Saving samples at step 78000
2025-04-24 18:20:33,645 [INFO] WGAN_Continuation_Enhanced - Epoch [81/324] Completed in 683.34s | Avg Loss C: -0.0000 | Avg Loss G: 0.0204
2025-04-24 18:20:33,928 [INFO] WGAN_Continuation_Enhanced - GPU Memory [After Epoch 81]: Allocated: 0.49 GB | Reserved: 0.67 GB
2025-04-24 18:20:33,928 [INFO] WGAN_Continuation_Enhanced - Calculating FID and KID using 10000 generated images...
2025-04-24 18:20:33,929 [INFO] WGAN_Continuation_Enhanced - Generating 10000 fake images & activations (157 batches)...
2025-04-24 18:21:12,105 [INFO] WGAN_Continuation_Enhanced - Calculating Frechet distance...
2025-04-24 18:21:15,818 [INFO] WGAN_Continuation_Enhanced - Calculated FID: 71.3509
2025-04-24 18:21:15,819 [INFO] WGAN_Continuation_Enhanced - Calculating KID score...
2025-04-24 18:21:15,820 [INFO] WGAN_Continuation_Enhanced - Using custom KID implementation with pre-computed features
2025-04-24 18:21:41,442 [INFO] WGAN_Continuation_Enhanced - Calculated KID (custom): 0.002467 ± 0.000539
2025-04-24 18:21:41,705 [INFO] WGAN_Continuation_Enhanced - --- FID Score @ Epoch 81: 71.3509 ---
2025-04-24 18:21:41,706 [INFO] WGAN_Continuation_Enhanced - --- KID Score @ Epoch 81: 0.002467 ± 0.000539 ---
2025-04-24 18:21:41,707 [INFO] WGAN_Continuation_Enhanced - FID did not improve. Patience: 7/50.
2025-04-24 18:21:42,101 [INFO] WGAN_Continuation_Enhanced - Saved loss plot to C:\Users\praam\Desktop\havetai+vetcyto\task-05_dataset\WGAN-SN_training-output_v2-151\continuation_enhanced\plots\cont_losses_current.png
2025-04-24 18:21:42,510 [INFO] WGAN_Continuation_Enhanced - Saved FID plot to C:\Users\praam\Desktop\havetai+vetcyto\task-05_dataset\WGAN-SN_training-output_v2-151\continuation_enhanced\plots\cont_fid_current.png
2025-04-24 18:21:42,920 [INFO] WGAN_Continuation_Enhanced - Saved KID plot to C:\Users\praam\Desktop\havetai+vetcyto\task-05_dataset\WGAN-SN_training-output_v2-151\continuation_enhanced\plots\cont_kid_current.png
2025-04-24 18:21:43,387 [INFO] WGAN_Continuation_Enhanced - Saved combined metrics plot to C:\Users\praam\Desktop\havetai+vetcyto\task-05_dataset\WGAN-SN_training-output_v2-151\continuation_enhanced\plots\cont_combined_metrics_current.png
2025-04-24 18:21:43,638 [INFO] WGAN_Continuation_Enhanced - Saving checkpoint to C:\Users\praam\Desktop\havetai+vetcyto\task-05_dataset\WGAN-SN_training-output_v2-151\continuation_enhanced\checkpoints\cont_latest_checkpoint.pth.tar
2025-04-24 18:21:44,086 [INFO] WGAN_Continuation_Enhanced - Checkpoint saved successfully.
2025-04-24 18:22:54,829 [INFO] WGAN_Continuation_Enhanced - Step 78100 | Loss C: -0.0000, Loss G: 0.0210
2025-04-24 18:22:54,830 [INFO] WGAN_Continuation_Enhanced - GPU Memory [Step 78100]: Allocated: 0.50 GB | Reserved: 1.16 GB
2025-04-24 18:24:05,875 [INFO] WGAN_Continuation_Enhanced - Step 78200 | Loss C: -0.0000, Loss G: 0.0238
2025-04-24 18:24:05,876 [INFO] WGAN_Continuation_Enhanced - GPU Memory [Step 78200]: Allocated: 0.50 GB | Reserved: 1.16 GB
2025-04-24 18:25:16,982 [INFO] WGAN_Continuation_Enhanced - Step 78300 | Loss C: 0.0000, Loss G: 0.0227
2025-04-24 18:25:16,983 [INFO] WGAN_Continuation_Enhanced - GPU Memory [Step 78300]: Allocated: 0.50 GB | Reserved: 1.16 GB
2025-04-24 18:26:28,054 [INFO] WGAN_Continuation_Enhanced - Step 78400 | Loss C: -0.0000, Loss G: 0.0274
2025-04-24 18:26:28,055 [INFO] WGAN_Continuation_Enhanced - GPU Memory [Step 78400]: Allocated: 0.50 GB | Reserved: 1.16 GB
2025-04-24 18:27:39,095 [INFO] WGAN_Continuation_Enhanced - Step 78500 | Loss C: 0.0000, Loss G: 0.0275
2025-04-24 18:27:39,096 [INFO] WGAN_Continuation_Enhanced - GPU Memory [Step 78500]: Allocated: 0.50 GB | Reserved: 1.16 GB
2025-04-24 18:27:39,097 [INFO] WGAN_Continuation_Enhanced - Saving samples at step 78500
2025-04-24 18:28:50,316 [INFO] WGAN_Continuation_Enhanced - Step 78600 | Loss C: 0.0000, Loss G: 0.0311
2025-04-24 18:28:50,317 [INFO] WGAN_Continuation_Enhanced - GPU Memory [Step 78600]: Allocated: 0.50 GB | Reserved: 1.15 GB
2025-04-24 18:30:01,429 [INFO] WGAN_Continuation_Enhanced - Step 78700 | Loss C: -0.0000, Loss G: 0.0323
2025-04-24 18:30:01,430 [INFO] WGAN_Continuation_Enhanced - GPU Memory [Step 78700]: Allocated: 0.50 GB | Reserved: 1.15 GB
2025-04-24 18:31:12,574 [INFO] WGAN_Continuation_Enhanced - Step 78800 | Loss C: -0.0000, Loss G: 0.0367
2025-04-24 18:31:12,575 [INFO] WGAN_Continuation_Enhanced - GPU Memory [Step 78800]: Allocated: 0.50 GB | Reserved: 1.15 GB
2025-04-24 18:32:23,706 [INFO] WGAN_Continuation_Enhanced - Step 78900 | Loss C: -0.0000, Loss G: 0.0392
2025-04-24 18:32:23,707 [INFO] WGAN_Continuation_Enhanced - GPU Memory [Step 78900]: Allocated: 0.50 GB | Reserved: 1.15 GB
2025-04-24 18:33:10,628 [INFO] WGAN_Continuation_Enhanced - Epoch [82/324] Completed in 686.54s | Avg Loss C: -0.0000 | Avg Loss G: 0.0289
2025-04-24 18:33:10,916 [INFO] WGAN_Continuation_Enhanced - GPU Memory [After Epoch 82]: Allocated: 0.49 GB | Reserved: 0.59 GB
2025-04-24 18:33:10,916 [INFO] WGAN_Continuation_Enhanced - Calculating FID and KID using 10000 generated images...
2025-04-24 18:33:10,917 [INFO] WGAN_Continuation_Enhanced - Generating 10000 fake images & activations (157 batches)...
2025-04-24 18:33:51,122 [INFO] WGAN_Continuation_Enhanced - Calculating Frechet distance...
2025-04-24 18:33:54,749 [INFO] WGAN_Continuation_Enhanced - Calculated FID: 65.4729
2025-04-24 18:33:54,750 [INFO] WGAN_Continuation_Enhanced - Calculating KID score...
2025-04-24 18:33:54,751 [INFO] WGAN_Continuation_Enhanced - Using custom KID implementation with pre-computed features
2025-04-24 18:34:20,393 [INFO] WGAN_Continuation_Enhanced - Calculated KID (custom): 0.002261 ± 0.000481
2025-04-24 18:34:20,643 [INFO] WGAN_Continuation_Enhanced - --- FID Score @ Epoch 82: 65.4729 ---
2025-04-24 18:34:20,644 [INFO] WGAN_Continuation_Enhanced - --- KID Score @ Epoch 82: 0.002261 ± 0.000481 ---
2025-04-24 18:34:20,644 [INFO] WGAN_Continuation_Enhanced - FID improved: 68.3213 -> 65.4729. Saving best FID checkpoint.
2025-04-24 18:34:20,645 [INFO] WGAN_Continuation_Enhanced - Saving best fake features to C:\Users\praam\Desktop\havetai+vetcyto\task-05_dataset\WGAN-SN_training-output_v2-151\continuation_enhanced\analysis_results\cont_best_fake_features.npy
2025-04-24 18:34:20,703 [INFO] WGAN_Continuation_Enhanced - Best fake features saved successfully.
2025-04-24 18:34:20,704 [INFO] WGAN_Continuation_Enhanced - KID improved: 0.002374 -> 0.002261. (Not primary metric)
2025-04-24 18:34:20,705 [INFO] WGAN_Continuation_Enhanced - Saving best model for inference to C:\Users\praam\Desktop\havetai+vetcyto\task-05_dataset\WGAN-SN_training-output_v2-151\continuation_enhanced\cont_best_model.pt
2025-04-24 18:34:20,789 [INFO] WGAN_Continuation_Enhanced - Best model saved successfully.
2025-04-24 18:34:20,790 [INFO] WGAN_Continuation_Enhanced - Saving best samples to C:\Users\praam\Desktop\havetai+vetcyto\task-05_dataset\WGAN-SN_training-output_v2-151\continuation_enhanced\samples\cont_best_samples_e0082_20250424_183420.png
2025-04-24 18:34:21,018 [INFO] WGAN_Continuation_Enhanced - Best samples saved successfully.
2025-04-24 18:34:21,019 [INFO] WGAN_Continuation_Enhanced - Saving checkpoint to C:\Users\praam\Desktop\havetai+vetcyto\task-05_dataset\WGAN-SN_training-output_v2-151\continuation_enhanced\checkpoints\cont_best_fid_checkpoint.pth.tar
2025-04-24 18:34:21,450 [INFO] WGAN_Continuation_Enhanced - Checkpoint saved successfully.
2025-04-24 18:34:21,451 [INFO] WGAN_Continuation_Enhanced - Saving checkpoint to C:\Users\praam\Desktop\havetai+vetcyto\task-05_dataset\WGAN-SN_training-output_v2-151\continuation_enhanced\checkpoints\cont_best_fid_checkpoint_e0082_fid65.47_20250424_183420.pth.tar
2025-04-24 18:34:21,892 [INFO] WGAN_Continuation_Enhanced - Checkpoint saved successfully.
2025-04-24 18:34:21,893 [INFO] WGAN_Continuation_Enhanced - Saving checkpoint to C:\Users\praam\Desktop\havetai+vetcyto\task-05_dataset\WGAN-SN_training-output_v2-151\continuation_enhanced\checkpoints\cont_best_kid_checkpoint.pth.tar
2025-04-24 18:34:22,466 [INFO] WGAN_Continuation_Enhanced - Checkpoint saved successfully.
2025-04-24 18:34:22,840 [INFO] WGAN_Continuation_Enhanced - Saved loss plot to C:\Users\praam\Desktop\havetai+vetcyto\task-05_dataset\WGAN-SN_training-output_v2-151\continuation_enhanced\plots\cont_losses_current.png
2025-04-24 18:34:23,240 [INFO] WGAN_Continuation_Enhanced - Saved FID plot to C:\Users\praam\Desktop\havetai+vetcyto\task-05_dataset\WGAN-SN_training-output_v2-151\continuation_enhanced\plots\cont_fid_current.png
2025-04-24 18:34:23,628 [INFO] WGAN_Continuation_Enhanced - Saved KID plot to C:\Users\praam\Desktop\havetai+vetcyto\task-05_dataset\WGAN-SN_training-output_v2-151\continuation_enhanced\plots\cont_kid_current.png
2025-04-24 18:34:24,099 [INFO] WGAN_Continuation_Enhanced - Saved combined metrics plot to C:\Users\praam\Desktop\havetai+vetcyto\task-05_dataset\WGAN-SN_training-output_v2-151\continuation_enhanced\plots\cont_combined_metrics_current.png
2025-04-24 18:34:24,355 [INFO] WGAN_Continuation_Enhanced - Saving checkpoint to C:\Users\praam\Desktop\havetai+vetcyto\task-05_dataset\WGAN-SN_training-output_v2-151\continuation_enhanced\checkpoints\cont_latest_checkpoint.pth.tar
2025-04-24 18:34:24,800 [INFO] WGAN_Continuation_Enhanced - Checkpoint saved successfully.
2025-04-24 18:34:54,839 [INFO] WGAN_Continuation_Enhanced - Step 79000 | Loss C: -0.0000, Loss G: 0.0444
2025-04-24 18:34:54,840 [INFO] WGAN_Continuation_Enhanced - GPU Memory [Step 79000]: Allocated: 0.50 GB | Reserved: 1.17 GB
2025-04-24 18:34:54,840 [INFO] WGAN_Continuation_Enhanced - Saving samples at step 79000
2025-04-24 18:36:02,103 [INFO] WGAN_Continuation_Enhanced - Step 79100 | Loss C: -0.0000, Loss G: 0.0383
2025-04-24 18:36:02,104 [INFO] WGAN_Continuation_Enhanced - GPU Memory [Step 79100]: Allocated: 0.50 GB | Reserved: 1.28 GB
2025-04-24 18:37:13,239 [INFO] WGAN_Continuation_Enhanced - Step 79200 | Loss C: -0.0000, Loss G: 0.0423
2025-04-24 18:37:13,240 [INFO] WGAN_Continuation_Enhanced - GPU Memory [Step 79200]: Allocated: 0.50 GB | Reserved: 1.28 GB
2025-04-24 18:38:24,378 [INFO] WGAN_Continuation_Enhanced - Step 79300 | Loss C: -0.0000, Loss G: 0.0422
2025-04-24 18:38:24,379 [INFO] WGAN_Continuation_Enhanced - GPU Memory [Step 79300]: Allocated: 0.50 GB | Reserved: 1.28 GB
2025-04-24 18:39:35,553 [INFO] WGAN_Continuation_Enhanced - Step 79400 | Loss C: 0.0000, Loss G: 0.0426
2025-04-24 18:39:35,554 [INFO] WGAN_Continuation_Enhanced - GPU Memory [Step 79400]: Allocated: 0.50 GB | Reserved: 1.28 GB
2025-04-24 18:40:46,690 [INFO] WGAN_Continuation_Enhanced - Step 79500 | Loss C: -0.0000, Loss G: 0.0485
2025-04-24 18:40:46,691 [INFO] WGAN_Continuation_Enhanced - GPU Memory [Step 79500]: Allocated: 0.50 GB | Reserved: 1.28 GB
2025-04-24 18:40:46,692 [INFO] WGAN_Continuation_Enhanced - Saving samples at step 79500
2025-04-24 18:41:57,973 [INFO] WGAN_Continuation_Enhanced - Step 79600 | Loss C: 0.0000, Loss G: 0.0530
2025-04-24 18:41:57,974 [INFO] WGAN_Continuation_Enhanced - GPU Memory [Step 79600]: Allocated: 0.50 GB | Reserved: 1.16 GB
2025-04-24 18:43:09,040 [INFO] WGAN_Continuation_Enhanced - Step 79700 | Loss C: -0.0000, Loss G: 0.0615
2025-04-24 18:43:09,041 [INFO] WGAN_Continuation_Enhanced - GPU Memory [Step 79700]: Allocated: 0.50 GB | Reserved: 1.16 GB
2025-04-24 18:44:20,110 [INFO] WGAN_Continuation_Enhanced - Step 79800 | Loss C: -0.0000, Loss G: 0.0589
2025-04-24 18:44:20,111 [INFO] WGAN_Continuation_Enhanced - GPU Memory [Step 79800]: Allocated: 0.50 GB | Reserved: 1.16 GB
2025-04-24 18:45:31,248 [INFO] WGAN_Continuation_Enhanced - Step 79900 | Loss C: 0.0000, Loss G: 0.0533
2025-04-24 18:45:31,249 [INFO] WGAN_Continuation_Enhanced - GPU Memory [Step 79900]: Allocated: 0.50 GB | Reserved: 1.16 GB
2025-04-24 18:45:51,827 [INFO] WGAN_Continuation_Enhanced - Epoch [83/324] Completed in 687.03s | Avg Loss C: -0.0000 | Avg Loss G: 0.0482
2025-04-24 18:45:52,094 [INFO] WGAN_Continuation_Enhanced - GPU Memory [After Epoch 83]: Allocated: 0.49 GB | Reserved: 0.78 GB
2025-04-24 18:45:52,095 [INFO] WGAN_Continuation_Enhanced - Calculating FID and KID using 10000 generated images...
2025-04-24 18:45:52,095 [INFO] WGAN_Continuation_Enhanced - Generating 10000 fake images & activations (157 batches)...
2025-04-24 18:46:32,110 [INFO] WGAN_Continuation_Enhanced - Calculating Frechet distance...
2025-04-24 18:46:35,887 [INFO] WGAN_Continuation_Enhanced - Calculated FID: 73.5056
2025-04-24 18:46:35,887 [INFO] WGAN_Continuation_Enhanced - Calculating KID score...
2025-04-24 18:46:35,888 [INFO] WGAN_Continuation_Enhanced - Using custom KID implementation with pre-computed features
2025-04-24 18:47:01,176 [INFO] WGAN_Continuation_Enhanced - Calculated KID (custom): 0.002696 ± 0.000585
2025-04-24 18:47:01,424 [INFO] WGAN_Continuation_Enhanced - --- FID Score @ Epoch 83: 73.5056 ---
2025-04-24 18:47:01,425 [INFO] WGAN_Continuation_Enhanced - --- KID Score @ Epoch 83: 0.002696 ± 0.000585 ---
2025-04-24 18:47:01,426 [INFO] WGAN_Continuation_Enhanced - FID did not improve. Patience: 1/50.
2025-04-24 18:47:01,782 [INFO] WGAN_Continuation_Enhanced - Saved loss plot to C:\Users\praam\Desktop\havetai+vetcyto\task-05_dataset\WGAN-SN_training-output_v2-151\continuation_enhanced\plots\cont_losses_current.png
2025-04-24 18:47:02,164 [INFO] WGAN_Continuation_Enhanced - Saved FID plot to C:\Users\praam\Desktop\havetai+vetcyto\task-05_dataset\WGAN-SN_training-output_v2-151\continuation_enhanced\plots\cont_fid_current.png
2025-04-24 18:47:02,535 [INFO] WGAN_Continuation_Enhanced - Saved KID plot to C:\Users\praam\Desktop\havetai+vetcyto\task-05_dataset\WGAN-SN_training-output_v2-151\continuation_enhanced\plots\cont_kid_current.png
2025-04-24 18:47:02,979 [INFO] WGAN_Continuation_Enhanced - Saved combined metrics plot to C:\Users\praam\Desktop\havetai+vetcyto\task-05_dataset\WGAN-SN_training-output_v2-151\continuation_enhanced\plots\cont_combined_metrics_current.png
2025-04-24 18:47:03,238 [INFO] WGAN_Continuation_Enhanced - Saving checkpoint to C:\Users\praam\Desktop\havetai+vetcyto\task-05_dataset\WGAN-SN_training-output_v2-151\continuation_enhanced\checkpoints\cont_latest_checkpoint.pth.tar
2025-04-24 18:47:03,700 [INFO] WGAN_Continuation_Enhanced - Checkpoint saved successfully.
2025-04-24 18:47:56,672 [INFO] WGAN_Continuation_Enhanced - Step 80000 | Loss C: 0.0000, Loss G: 0.0538
2025-04-24 18:47:56,673 [INFO] WGAN_Continuation_Enhanced - GPU Memory [Step 80000]: Allocated: 0.50 GB | Reserved: 1.34 GB
2025-04-24 18:47:56,674 [INFO] WGAN_Continuation_Enhanced - Saving samples at step 80000
2025-04-24 18:49:06,881 [WARNING] WGAN_Continuation_Enhanced - Critic loss spike detected at Step 80099: -0.0000 (mean: 0.0000, std: 0.0000)
2025-04-24 18:49:07,592 [INFO] WGAN_Continuation_Enhanced - Step 80100 | Loss C: 0.0000, Loss G: 0.0596
2025-04-24 18:49:07,593 [INFO] WGAN_Continuation_Enhanced - GPU Memory [Step 80100]: Allocated: 0.50 GB | Reserved: 1.32 GB
2025-04-24 18:50:18,634 [INFO] WGAN_Continuation_Enhanced - Step 80200 | Loss C: -0.0000, Loss G: 0.0625
2025-04-24 18:50:18,635 [INFO] WGAN_Continuation_Enhanced - GPU Memory [Step 80200]: Allocated: 0.50 GB | Reserved: 1.32 GB
2025-04-24 18:51:29,696 [INFO] WGAN_Continuation_Enhanced - Step 80300 | Loss C: -0.0000, Loss G: 0.0669
2025-04-24 18:51:29,697 [INFO] WGAN_Continuation_Enhanced - GPU Memory [Step 80300]: Allocated: 0.50 GB | Reserved: 1.32 GB
2025-04-24 18:52:40,762 [INFO] WGAN_Continuation_Enhanced - Step 80400 | Loss C: 0.0000, Loss G: 0.0627
2025-04-24 18:52:40,763 [INFO] WGAN_Continuation_Enhanced - GPU Memory [Step 80400]: Allocated: 0.50 GB | Reserved: 1.32 GB
2025-04-24 18:53:51,818 [INFO] WGAN_Continuation_Enhanced - Step 80500 | Loss C: 0.0000, Loss G: 0.0624
2025-04-24 18:53:51,819 [INFO] WGAN_Continuation_Enhanced - GPU Memory [Step 80500]: Allocated: 0.50 GB | Reserved: 1.32 GB
2025-04-24 18:53:51,819 [INFO] WGAN_Continuation_Enhanced - Saving samples at step 80500
2025-04-24 18:55:03,021 [INFO] WGAN_Continuation_Enhanced - Step 80600 | Loss C: 0.0000, Loss G: 0.0669
2025-04-24 18:55:03,022 [INFO] WGAN_Continuation_Enhanced - GPU Memory [Step 80600]: Allocated: 0.50 GB | Reserved: 1.32 GB
2025-04-24 18:56:09,820 [WARNING] WGAN_Continuation_Enhanced - Critic loss spike detected at Step 80694: 0.0000 (mean: 0.0000, std: 0.0000)
2025-04-24 18:56:14,084 [INFO] WGAN_Continuation_Enhanced - Step 80700 | Loss C: 0.0000, Loss G: 0.0742
2025-04-24 18:56:14,085 [INFO] WGAN_Continuation_Enhanced - GPU Memory [Step 80700]: Allocated: 0.50 GB | Reserved: 1.32 GB
2025-04-24 18:57:25,152 [INFO] WGAN_Continuation_Enhanced - Step 80800 | Loss C: 0.0000, Loss G: 0.0741
2025-04-24 18:57:25,154 [INFO] WGAN_Continuation_Enhanced - GPU Memory [Step 80800]: Allocated: 0.50 GB | Reserved: 1.32 GB
2025-04-24 18:58:14,894 [WARNING] WGAN_Continuation_Enhanced - Critic loss spike detected at Step 80870: -0.0000 (mean: -0.0000, std: 0.0000)
2025-04-24 18:58:30,452 [INFO] WGAN_Continuation_Enhanced - Epoch [84/324] Completed in 686.75s | Avg Loss C: -0.0000 | Avg Loss G: 0.0643
2025-04-24 18:58:30,702 [INFO] WGAN_Continuation_Enhanced - GPU Memory [After Epoch 84]: Allocated: 0.49 GB | Reserved: 0.75 GB
2025-04-24 18:58:30,703 [INFO] WGAN_Continuation_Enhanced - Calculating FID and KID using 10000 generated images...
2025-04-24 18:58:30,703 [INFO] WGAN_Continuation_Enhanced - Generating 10000 fake images & activations (157 batches)...
2025-04-24 18:59:08,868 [INFO] WGAN_Continuation_Enhanced - Calculating Frechet distance...
2025-04-24 18:59:12,500 [INFO] WGAN_Continuation_Enhanced - Calculated FID: 76.9944
2025-04-24 18:59:12,500 [INFO] WGAN_Continuation_Enhanced - Calculating KID score...
2025-04-24 18:59:12,501 [INFO] WGAN_Continuation_Enhanced - Using custom KID implementation with pre-computed features
2025-04-24 18:59:38,412 [INFO] WGAN_Continuation_Enhanced - Calculated KID (custom): 0.002901 ± 0.000539
2025-04-24 18:59:38,667 [INFO] WGAN_Continuation_Enhanced - --- FID Score @ Epoch 84: 76.9944 ---
2025-04-24 18:59:38,668 [INFO] WGAN_Continuation_Enhanced - --- KID Score @ Epoch 84: 0.002901 ± 0.000539 ---
2025-04-24 18:59:38,670 [INFO] WGAN_Continuation_Enhanced - FID did not improve. Patience: 2/50.
2025-04-24 18:59:39,022 [INFO] WGAN_Continuation_Enhanced - Saved loss plot to C:\Users\praam\Desktop\havetai+vetcyto\task-05_dataset\WGAN-SN_training-output_v2-151\continuation_enhanced\plots\cont_losses_current.png
2025-04-24 18:59:39,394 [INFO] WGAN_Continuation_Enhanced - Saved FID plot to C:\Users\praam\Desktop\havetai+vetcyto\task-05_dataset\WGAN-SN_training-output_v2-151\continuation_enhanced\plots\cont_fid_current.png
2025-04-24 18:59:39,767 [INFO] WGAN_Continuation_Enhanced - Saved KID plot to C:\Users\praam\Desktop\havetai+vetcyto\task-05_dataset\WGAN-SN_training-output_v2-151\continuation_enhanced\plots\cont_kid_current.png
2025-04-24 18:59:40,210 [INFO] WGAN_Continuation_Enhanced - Saved combined metrics plot to C:\Users\praam\Desktop\havetai+vetcyto\task-05_dataset\WGAN-SN_training-output_v2-151\continuation_enhanced\plots\cont_combined_metrics_current.png
2025-04-24 18:59:40,468 [INFO] WGAN_Continuation_Enhanced - Saving checkpoint to C:\Users\praam\Desktop\havetai+vetcyto\task-05_dataset\WGAN-SN_training-output_v2-151\continuation_enhanced\checkpoints\cont_latest_checkpoint.pth.tar
2025-04-24 18:59:40,920 [INFO] WGAN_Continuation_Enhanced - Checkpoint saved successfully.
2025-04-24 18:59:57,764 [INFO] WGAN_Continuation_Enhanced - Step 80900 | Loss C: 0.0000, Loss G: 0.0660
2025-04-24 18:59:57,765 [INFO] WGAN_Continuation_Enhanced - GPU Memory [Step 80900]: Allocated: 0.50 GB | Reserved: 1.15 GB
2025-04-24 19:00:57,469 [INFO] WGAN_Continuation_Enhanced - Step 81000 | Loss C: -0.0000, Loss G: 0.0624
2025-04-24 19:00:57,470 [INFO] WGAN_Continuation_Enhanced - GPU Memory [Step 81000]: Allocated: 0.50 GB | Reserved: 1.15 GB
2025-04-24 19:00:57,471 [INFO] WGAN_Continuation_Enhanced - Saving samples at step 81000
2025-04-24 19:02:08,474 [INFO] WGAN_Continuation_Enhanced - Step 81100 | Loss C: 0.0000, Loss G: 0.0588
2025-04-24 19:02:08,475 [INFO] WGAN_Continuation_Enhanced - GPU Memory [Step 81100]: Allocated: 0.50 GB | Reserved: 1.27 GB
2025-04-24 19:03:19,536 [INFO] WGAN_Continuation_Enhanced - Step 81200 | Loss C: -0.0000, Loss G: 0.0602
2025-04-24 19:03:19,537 [INFO] WGAN_Continuation_Enhanced - GPU Memory [Step 81200]: Allocated: 0.50 GB | Reserved: 1.27 GB
2025-04-24 19:04:30,596 [INFO] WGAN_Continuation_Enhanced - Step 81300 | Loss C: 0.0000, Loss G: 0.0613
2025-04-24 19:04:30,597 [INFO] WGAN_Continuation_Enhanced - GPU Memory [Step 81300]: Allocated: 0.50 GB | Reserved: 1.27 GB
2025-04-24 19:05:41,654 [INFO] WGAN_Continuation_Enhanced - Step 81400 | Loss C: -0.0000, Loss G: 0.0590
2025-04-24 19:05:41,656 [INFO] WGAN_Continuation_Enhanced - GPU Memory [Step 81400]: Allocated: 0.50 GB | Reserved: 1.27 GB
2025-04-24 19:06:52,712 [INFO] WGAN_Continuation_Enhanced - Step 81500 | Loss C: 0.0000, Loss G: 0.0503
2025-04-24 19:06:52,713 [INFO] WGAN_Continuation_Enhanced - GPU Memory [Step 81500]: Allocated: 0.50 GB | Reserved: 1.27 GB
2025-04-24 19:06:52,713 [INFO] WGAN_Continuation_Enhanced - Saving samples at step 81500
2025-04-24 19:08:03,917 [INFO] WGAN_Continuation_Enhanced - Step 81600 | Loss C: 0.0000, Loss G: 0.0513
2025-04-24 19:08:03,918 [INFO] WGAN_Continuation_Enhanced - GPU Memory [Step 81600]: Allocated: 0.50 GB | Reserved: 1.14 GB
2025-04-24 19:09:14,969 [INFO] WGAN_Continuation_Enhanced - Step 81700 | Loss C: 0.0000, Loss G: 0.0460
2025-04-24 19:09:14,971 [INFO] WGAN_Continuation_Enhanced - GPU Memory [Step 81700]: Allocated: 0.50 GB | Reserved: 1.14 GB
2025-04-24 19:10:26,026 [INFO] WGAN_Continuation_Enhanced - Step 81800 | Loss C: 0.0000, Loss G: 0.0518
2025-04-24 19:10:26,027 [INFO] WGAN_Continuation_Enhanced - GPU Memory [Step 81800]: Allocated: 0.50 GB | Reserved: 1.14 GB
2025-04-24 19:11:05,049 [INFO] WGAN_Continuation_Enhanced - Epoch [85/324] Completed in 684.13s | Avg Loss C: 0.0000 | Avg Loss G: 0.0564
2025-04-24 19:11:05,298 [INFO] WGAN_Continuation_Enhanced - GPU Memory [After Epoch 85]: Allocated: 0.49 GB | Reserved: 0.72 GB
2025-04-24 19:11:05,298 [INFO] WGAN_Continuation_Enhanced - Calculating FID and KID using 10000 generated images...
2025-04-24 19:11:05,299 [INFO] WGAN_Continuation_Enhanced - Generating 10000 fake images & activations (157 batches)...
2025-04-24 19:11:43,604 [INFO] WGAN_Continuation_Enhanced - Calculating Frechet distance...
2025-04-24 19:11:47,311 [INFO] WGAN_Continuation_Enhanced - Calculated FID: 71.3815
2025-04-24 19:11:47,312 [INFO] WGAN_Continuation_Enhanced - Calculating KID score...
2025-04-24 19:11:47,312 [INFO] WGAN_Continuation_Enhanced - Using custom KID implementation with pre-computed features
2025-04-24 19:12:13,429 [INFO] WGAN_Continuation_Enhanced - Calculated KID (custom): 0.002357 ± 0.000508
2025-04-24 19:12:13,684 [INFO] WGAN_Continuation_Enhanced - --- FID Score @ Epoch 85: 71.3815 ---
2025-04-24 19:12:13,685 [INFO] WGAN_Continuation_Enhanced - --- KID Score @ Epoch 85: 0.002357 ± 0.000508 ---
2025-04-24 19:12:13,687 [INFO] WGAN_Continuation_Enhanced - FID did not improve. Patience: 3/50.
2025-04-24 19:12:14,047 [INFO] WGAN_Continuation_Enhanced - Saved loss plot to C:\Users\praam\Desktop\havetai+vetcyto\task-05_dataset\WGAN-SN_training-output_v2-151\continuation_enhanced\plots\cont_losses_current.png
2025-04-24 19:12:14,422 [INFO] WGAN_Continuation_Enhanced - Saved FID plot to C:\Users\praam\Desktop\havetai+vetcyto\task-05_dataset\WGAN-SN_training-output_v2-151\continuation_enhanced\plots\cont_fid_current.png
2025-04-24 19:12:14,791 [INFO] WGAN_Continuation_Enhanced - Saved KID plot to C:\Users\praam\Desktop\havetai+vetcyto\task-05_dataset\WGAN-SN_training-output_v2-151\continuation_enhanced\plots\cont_kid_current.png
2025-04-24 19:12:15,236 [INFO] WGAN_Continuation_Enhanced - Saved combined metrics plot to C:\Users\praam\Desktop\havetai+vetcyto\task-05_dataset\WGAN-SN_training-output_v2-151\continuation_enhanced\plots\cont_combined_metrics_current.png
2025-04-24 19:12:15,496 [INFO] WGAN_Continuation_Enhanced - Saving checkpoint to C:\Users\praam\Desktop\havetai+vetcyto\task-05_dataset\WGAN-SN_training-output_v2-151\continuation_enhanced\checkpoints\cont_checkpoint_epoch_0085_20250424_191215.pth.tar
2025-04-24 19:12:15,936 [INFO] WGAN_Continuation_Enhanced - Checkpoint saved successfully.
2025-04-24 19:12:15,936 [INFO] WGAN_Continuation_Enhanced - Saving checkpoint to C:\Users\praam\Desktop\havetai+vetcyto\task-05_dataset\WGAN-SN_training-output_v2-151\continuation_enhanced\checkpoints\cont_latest_checkpoint.pth.tar
2025-04-24 19:12:16,388 [INFO] WGAN_Continuation_Enhanced - Checkpoint saved successfully.
2025-04-24 19:12:52,471 [INFO] WGAN_Continuation_Enhanced - Step 81900 | Loss C: 0.0000, Loss G: 0.0488
2025-04-24 19:12:52,472 [INFO] WGAN_Continuation_Enhanced - GPU Memory [Step 81900]: Allocated: 0.50 GB | Reserved: 1.34 GB
2025-04-24 19:13:58,545 [INFO] WGAN_Continuation_Enhanced - Step 82000 | Loss C: -0.0000, Loss G: 0.0507
2025-04-24 19:13:58,546 [INFO] WGAN_Continuation_Enhanced - GPU Memory [Step 82000]: Allocated: 0.50 GB | Reserved: 1.34 GB
2025-04-24 19:13:58,547 [INFO] WGAN_Continuation_Enhanced - Saving samples at step 82000
2025-04-24 19:15:09,687 [INFO] WGAN_Continuation_Enhanced - Step 82100 | Loss C: 0.0000, Loss G: 0.0471
2025-04-24 19:15:09,688 [INFO] WGAN_Continuation_Enhanced - GPU Memory [Step 82100]: Allocated: 0.50 GB | Reserved: 1.14 GB
2025-04-24 19:16:20,756 [INFO] WGAN_Continuation_Enhanced - Step 82200 | Loss C: -0.0000, Loss G: 0.0478
2025-04-24 19:16:20,757 [INFO] WGAN_Continuation_Enhanced - GPU Memory [Step 82200]: Allocated: 0.50 GB | Reserved: 1.14 GB
2025-04-24 19:17:31,809 [INFO] WGAN_Continuation_Enhanced - Step 82300 | Loss C: -0.0000, Loss G: 0.0454
2025-04-24 19:17:31,810 [INFO] WGAN_Continuation_Enhanced - GPU Memory [Step 82300]: Allocated: 0.50 GB | Reserved: 1.14 GB
2025-04-24 19:19:03,039 [WARNING] WGAN_Continuation_Enhanced - Critic loss spike detected at Step 82382: 0.0000 (mean: -0.0000, std: 0.0000)
2025-04-24 19:19:21,913 [INFO] WGAN_Continuation_Enhanced - Step 82400 | Loss C: -0.0000, Loss G: 0.0538
2025-04-24 19:19:21,914 [INFO] WGAN_Continuation_Enhanced - GPU Memory [Step 82400]: Allocated: 0.50 GB | Reserved: 1.14 GB
2025-04-24 19:21:03,621 [INFO] WGAN_Continuation_Enhanced - Step 82500 | Loss C: -0.0000, Loss G: 0.0490
2025-04-24 19:21:03,622 [INFO] WGAN_Continuation_Enhanced - GPU Memory [Step 82500]: Allocated: 0.50 GB | Reserved: 1.14 GB
2025-04-24 19:21:03,623 [INFO] WGAN_Continuation_Enhanced - Saving samples at step 82500
2025-04-24 19:22:42,789 [INFO] WGAN_Continuation_Enhanced - Step 82600 | Loss C: 0.0000, Loss G: 0.0461
2025-04-24 19:22:42,790 [INFO] WGAN_Continuation_Enhanced - GPU Memory [Step 82600]: Allocated: 0.50 GB | Reserved: 1.37 GB
2025-04-24 19:24:20,253 [INFO] WGAN_Continuation_Enhanced - Step 82700 | Loss C: -0.0000, Loss G: 0.0491
2025-04-24 19:24:20,254 [INFO] WGAN_Continuation_Enhanced - GPU Memory [Step 82700]: Allocated: 0.50 GB | Reserved: 1.37 GB
2025-04-24 19:25:58,665 [INFO] WGAN_Continuation_Enhanced - Step 82800 | Loss C: -0.0000, Loss G: 0.0485
2025-04-24 19:25:58,666 [INFO] WGAN_Continuation_Enhanced - GPU Memory [Step 82800]: Allocated: 0.50 GB | Reserved: 1.37 GB
2025-04-24 19:26:16,050 [INFO] WGAN_Continuation_Enhanced - Epoch [86/324] Completed in 839.66s | Avg Loss C: -0.0000 | Avg Loss G: 0.0487
2025-04-24 19:26:16,294 [INFO] WGAN_Continuation_Enhanced - GPU Memory [After Epoch 86]: Allocated: 0.49 GB | Reserved: 0.71 GB
2025-04-24 19:26:16,294 [INFO] WGAN_Continuation_Enhanced - Calculating FID and KID using 10000 generated images...
2025-04-24 19:26:16,295 [INFO] WGAN_Continuation_Enhanced - Generating 10000 fake images & activations (157 batches)...
2025-04-24 19:26:48,425 [INFO] WGAN_Continuation_Enhanced - Calculating Frechet distance...
2025-04-24 19:26:52,010 [INFO] WGAN_Continuation_Enhanced - Calculated FID: 72.7999
2025-04-24 19:26:52,011 [INFO] WGAN_Continuation_Enhanced - Calculating KID score...
2025-04-24 19:26:52,012 [INFO] WGAN_Continuation_Enhanced - Using custom KID implementation with pre-computed features
2025-04-24 19:27:18,226 [INFO] WGAN_Continuation_Enhanced - Calculated KID (custom): 0.002644 ± 0.000486
2025-04-24 19:27:18,484 [INFO] WGAN_Continuation_Enhanced - --- FID Score @ Epoch 86: 72.7999 ---
2025-04-24 19:27:18,485 [INFO] WGAN_Continuation_Enhanced - --- KID Score @ Epoch 86: 0.002644 ± 0.000486 ---
2025-04-24 19:27:18,486 [INFO] WGAN_Continuation_Enhanced - FID did not improve. Patience: 4/50.
2025-04-24 19:27:18,850 [INFO] WGAN_Continuation_Enhanced - Saved loss plot to C:\Users\praam\Desktop\havetai+vetcyto\task-05_dataset\WGAN-SN_training-output_v2-151\continuation_enhanced\plots\cont_losses_current.png
2025-04-24 19:27:19,234 [INFO] WGAN_Continuation_Enhanced - Saved FID plot to C:\Users\praam\Desktop\havetai+vetcyto\task-05_dataset\WGAN-SN_training-output_v2-151\continuation_enhanced\plots\cont_fid_current.png
2025-04-24 19:27:19,607 [INFO] WGAN_Continuation_Enhanced - Saved KID plot to C:\Users\praam\Desktop\havetai+vetcyto\task-05_dataset\WGAN-SN_training-output_v2-151\continuation_enhanced\plots\cont_kid_current.png
2025-04-24 19:27:20,069 [INFO] WGAN_Continuation_Enhanced - Saved combined metrics plot to C:\Users\praam\Desktop\havetai+vetcyto\task-05_dataset\WGAN-SN_training-output_v2-151\continuation_enhanced\plots\cont_combined_metrics_current.png
2025-04-24 19:27:20,323 [INFO] WGAN_Continuation_Enhanced - Saving checkpoint to C:\Users\praam\Desktop\havetai+vetcyto\task-05_dataset\WGAN-SN_training-output_v2-151\continuation_enhanced\checkpoints\cont_latest_checkpoint.pth.tar
2025-04-24 19:27:20,772 [INFO] WGAN_Continuation_Enhanced - Checkpoint saved successfully.
2025-04-24 19:28:14,359 [INFO] WGAN_Continuation_Enhanced - Step 82900 | Loss C: 0.0000, Loss G: 0.0566
2025-04-24 19:28:14,360 [INFO] WGAN_Continuation_Enhanced - GPU Memory [Step 82900]: Allocated: 0.50 GB | Reserved: 1.26 GB
2025-04-24 19:29:12,167 [INFO] WGAN_Continuation_Enhanced - Step 83000 | Loss C: -0.0000, Loss G: 0.0548
2025-04-24 19:29:12,168 [INFO] WGAN_Continuation_Enhanced - GPU Memory [Step 83000]: Allocated: 0.50 GB | Reserved: 1.26 GB
2025-04-24 19:29:12,169 [INFO] WGAN_Continuation_Enhanced - Saving samples at step 83000
2025-04-24 19:30:16,782 [INFO] WGAN_Continuation_Enhanced - Step 83100 | Loss C: -0.0000, Loss G: 0.0571
2025-04-24 19:30:16,783 [INFO] WGAN_Continuation_Enhanced - GPU Memory [Step 83100]: Allocated: 0.50 GB | Reserved: 1.36 GB
2025-04-24 19:31:23,481 [INFO] WGAN_Continuation_Enhanced - Step 83200 | Loss C: 0.0000, Loss G: 0.0568
2025-04-24 19:31:23,482 [INFO] WGAN_Continuation_Enhanced - GPU Memory [Step 83200]: Allocated: 0.50 GB | Reserved: 1.36 GB
2025-04-24 19:32:34,452 [INFO] WGAN_Continuation_Enhanced - Step 83300 | Loss C: 0.0000, Loss G: 0.0523
2025-04-24 19:32:34,453 [INFO] WGAN_Continuation_Enhanced - GPU Memory [Step 83300]: Allocated: 0.50 GB | Reserved: 1.36 GB
2025-04-24 19:32:40,846 [WARNING] WGAN_Continuation_Enhanced - Critic loss spike detected at Step 83309: -0.0000 (mean: -0.0000, std: 0.0000)
2025-04-24 19:33:45,475 [INFO] WGAN_Continuation_Enhanced - Step 83400 | Loss C: -0.0000, Loss G: 0.0623
2025-04-24 19:33:45,476 [INFO] WGAN_Continuation_Enhanced - GPU Memory [Step 83400]: Allocated: 0.50 GB | Reserved: 1.36 GB
2025-04-24 19:34:56,519 [INFO] WGAN_Continuation_Enhanced - Step 83500 | Loss C: 0.0000, Loss G: 0.0644
2025-04-24 19:34:56,519 [INFO] WGAN_Continuation_Enhanced - GPU Memory [Step 83500]: Allocated: 0.50 GB | Reserved: 1.36 GB
2025-04-24 19:34:56,520 [INFO] WGAN_Continuation_Enhanced - Saving samples at step 83500
2025-04-24 19:36:07,681 [INFO] WGAN_Continuation_Enhanced - Step 83600 | Loss C: 0.0000, Loss G: 0.0675
2025-04-24 19:36:07,683 [INFO] WGAN_Continuation_Enhanced - GPU Memory [Step 83600]: Allocated: 0.50 GB | Reserved: 1.16 GB
2025-04-24 19:37:18,728 [INFO] WGAN_Continuation_Enhanced - Step 83700 | Loss C: -0.0000, Loss G: 0.0632
2025-04-24 19:37:18,729 [INFO] WGAN_Continuation_Enhanced - GPU Memory [Step 83700]: Allocated: 0.50 GB | Reserved: 1.16 GB
2025-04-24 19:37:50,005 [WARNING] WGAN_Continuation_Enhanced - Critic loss spike detected at Step 83744: -0.0000 (mean: -0.0000, std: 0.0000)
2025-04-24 19:38:02,795 [WARNING] WGAN_Continuation_Enhanced - Critic loss spike detected at Step 83762: 0.0000 (mean: -0.0000, std: 0.0000)
2025-04-24 19:38:16,227 [INFO] WGAN_Continuation_Enhanced - Epoch [87/324] Completed in 655.45s | Avg Loss C: -0.0000 | Avg Loss G: 0.0598
2025-04-24 19:38:16,482 [INFO] WGAN_Continuation_Enhanced - GPU Memory [After Epoch 87]: Allocated: 0.49 GB | Reserved: 0.63 GB
2025-04-24 19:38:16,483 [INFO] WGAN_Continuation_Enhanced - Calculating FID and KID using 10000 generated images...
2025-04-24 19:38:16,483 [INFO] WGAN_Continuation_Enhanced - Generating 10000 fake images & activations (157 batches)...
2025-04-24 19:38:54,522 [INFO] WGAN_Continuation_Enhanced - Calculating Frechet distance...
2025-04-24 19:38:58,137 [INFO] WGAN_Continuation_Enhanced - Calculated FID: 80.0312
2025-04-24 19:38:58,138 [INFO] WGAN_Continuation_Enhanced - Calculating KID score...
2025-04-24 19:38:58,138 [INFO] WGAN_Continuation_Enhanced - Using custom KID implementation with pre-computed features
2025-04-24 19:39:24,174 [INFO] WGAN_Continuation_Enhanced - Calculated KID (custom): 0.002694 ± 0.000489
2025-04-24 19:39:24,434 [INFO] WGAN_Continuation_Enhanced - --- FID Score @ Epoch 87: 80.0312 ---
2025-04-24 19:39:24,434 [INFO] WGAN_Continuation_Enhanced - --- KID Score @ Epoch 87: 0.002694 ± 0.000489 ---
2025-04-24 19:39:24,436 [INFO] WGAN_Continuation_Enhanced - FID did not improve. Patience: 5/50.
2025-04-24 19:39:24,817 [INFO] WGAN_Continuation_Enhanced - Saved loss plot to C:\Users\praam\Desktop\havetai+vetcyto\task-05_dataset\WGAN-SN_training-output_v2-151\continuation_enhanced\plots\cont_losses_current.png
2025-04-24 19:39:25,213 [INFO] WGAN_Continuation_Enhanced - Saved FID plot to C:\Users\praam\Desktop\havetai+vetcyto\task-05_dataset\WGAN-SN_training-output_v2-151\continuation_enhanced\plots\cont_fid_current.png
2025-04-24 19:39:25,611 [INFO] WGAN_Continuation_Enhanced - Saved KID plot to C:\Users\praam\Desktop\havetai+vetcyto\task-05_dataset\WGAN-SN_training-output_v2-151\continuation_enhanced\plots\cont_kid_current.png
2025-04-24 19:39:26,079 [INFO] WGAN_Continuation_Enhanced - Saved combined metrics plot to C:\Users\praam\Desktop\havetai+vetcyto\task-05_dataset\WGAN-SN_training-output_v2-151\continuation_enhanced\plots\cont_combined_metrics_current.png
2025-04-24 19:39:26,328 [INFO] WGAN_Continuation_Enhanced - Saving checkpoint to C:\Users\praam\Desktop\havetai+vetcyto\task-05_dataset\WGAN-SN_training-output_v2-151\continuation_enhanced\checkpoints\cont_latest_checkpoint.pth.tar
2025-04-24 19:39:26,789 [INFO] WGAN_Continuation_Enhanced - Checkpoint saved successfully.
2025-04-24 19:39:48,849 [INFO] WGAN_Continuation_Enhanced - Step 83800 | Loss C: -0.0000, Loss G: 0.0610
2025-04-24 19:39:48,850 [INFO] WGAN_Continuation_Enhanced - GPU Memory [Step 83800]: Allocated: 0.50 GB | Reserved: 1.29 GB
2025-04-24 19:40:48,202 [INFO] WGAN_Continuation_Enhanced - Step 83900 | Loss C: -0.0000, Loss G: 0.0571
2025-04-24 19:40:48,203 [INFO] WGAN_Continuation_Enhanced - GPU Memory [Step 83900]: Allocated: 0.50 GB | Reserved: 1.29 GB
2025-04-24 19:41:59,206 [INFO] WGAN_Continuation_Enhanced - Step 84000 | Loss C: -0.0000, Loss G: 0.0587
2025-04-24 19:41:59,207 [INFO] WGAN_Continuation_Enhanced - GPU Memory [Step 84000]: Allocated: 0.50 GB | Reserved: 1.29 GB
2025-04-24 19:41:59,207 [INFO] WGAN_Continuation_Enhanced - Saving samples at step 84000
2025-04-24 19:43:10,354 [INFO] WGAN_Continuation_Enhanced - Step 84100 | Loss C: -0.0000, Loss G: 0.0574
2025-04-24 19:43:10,355 [INFO] WGAN_Continuation_Enhanced - GPU Memory [Step 84100]: Allocated: 0.50 GB | Reserved: 1.34 GB
2025-04-24 19:44:21,353 [INFO] WGAN_Continuation_Enhanced - Step 84200 | Loss C: 0.0000, Loss G: 0.0663
2025-04-24 19:44:21,354 [INFO] WGAN_Continuation_Enhanced - GPU Memory [Step 84200]: Allocated: 0.50 GB | Reserved: 1.34 GB
2025-04-24 19:45:32,356 [INFO] WGAN_Continuation_Enhanced - Step 84300 | Loss C: -0.0000, Loss G: 0.0643
2025-04-24 19:45:32,357 [INFO] WGAN_Continuation_Enhanced - GPU Memory [Step 84300]: Allocated: 0.50 GB | Reserved: 1.34 GB
2025-04-24 19:46:43,359 [INFO] WGAN_Continuation_Enhanced - Step 84400 | Loss C: 0.0000, Loss G: 0.0615
2025-04-24 19:46:43,360 [INFO] WGAN_Continuation_Enhanced - GPU Memory [Step 84400]: Allocated: 0.50 GB | Reserved: 1.34 GB
2025-04-24 19:47:54,365 [INFO] WGAN_Continuation_Enhanced - Step 84500 | Loss C: -0.0000, Loss G: 0.0547
2025-04-24 19:47:54,366 [INFO] WGAN_Continuation_Enhanced - GPU Memory [Step 84500]: Allocated: 0.50 GB | Reserved: 1.34 GB
2025-04-24 19:47:54,367 [INFO] WGAN_Continuation_Enhanced - Saving samples at step 84500
2025-04-24 19:49:05,559 [INFO] WGAN_Continuation_Enhanced - Step 84600 | Loss C: 0.0000, Loss G: 0.0551
2025-04-24 19:49:05,560 [INFO] WGAN_Continuation_Enhanced - GPU Memory [Step 84600]: Allocated: 0.50 GB | Reserved: 1.33 GB
2025-04-24 19:50:16,603 [INFO] WGAN_Continuation_Enhanced - Step 84700 | Loss C: -0.0000, Loss G: 0.0553
2025-04-24 19:50:16,604 [INFO] WGAN_Continuation_Enhanced - GPU Memory [Step 84700]: Allocated: 0.50 GB | Reserved: 1.33 GB
2025-04-24 19:50:47,792 [INFO] WGAN_Continuation_Enhanced - Epoch [88/324] Completed in 681.00s | Avg Loss C: -0.0000 | Avg Loss G: 0.0594
2025-04-24 19:50:48,079 [INFO] WGAN_Continuation_Enhanced - GPU Memory [After Epoch 88]: Allocated: 0.49 GB | Reserved: 0.73 GB
2025-04-24 19:50:48,079 [INFO] WGAN_Continuation_Enhanced - Calculating FID and KID using 10000 generated images...
2025-04-24 19:50:48,080 [INFO] WGAN_Continuation_Enhanced - Generating 10000 fake images & activations (157 batches)...
2025-04-24 19:51:26,095 [INFO] WGAN_Continuation_Enhanced - Calculating Frechet distance...
2025-04-24 19:51:29,691 [INFO] WGAN_Continuation_Enhanced - Calculated FID: 77.6041
2025-04-24 19:51:29,692 [INFO] WGAN_Continuation_Enhanced - Calculating KID score...
2025-04-24 19:51:29,692 [INFO] WGAN_Continuation_Enhanced - Using custom KID implementation with pre-computed features
2025-04-24 19:51:55,594 [INFO] WGAN_Continuation_Enhanced - Calculated KID (custom): 0.003187 ± 0.000655
2025-04-24 19:51:55,845 [INFO] WGAN_Continuation_Enhanced - --- FID Score @ Epoch 88: 77.6041 ---
2025-04-24 19:51:55,846 [INFO] WGAN_Continuation_Enhanced - --- KID Score @ Epoch 88: 0.003187 ± 0.000655 ---
2025-04-24 19:51:55,847 [INFO] WGAN_Continuation_Enhanced - FID did not improve. Patience: 6/50.
2025-04-24 19:51:56,220 [INFO] WGAN_Continuation_Enhanced - Saved loss plot to C:\Users\praam\Desktop\havetai+vetcyto\task-05_dataset\WGAN-SN_training-output_v2-151\continuation_enhanced\plots\cont_losses_current.png
2025-04-24 19:51:56,613 [INFO] WGAN_Continuation_Enhanced - Saved FID plot to C:\Users\praam\Desktop\havetai+vetcyto\task-05_dataset\WGAN-SN_training-output_v2-151\continuation_enhanced\plots\cont_fid_current.png
2025-04-24 19:51:56,992 [INFO] WGAN_Continuation_Enhanced - Saved KID plot to C:\Users\praam\Desktop\havetai+vetcyto\task-05_dataset\WGAN-SN_training-output_v2-151\continuation_enhanced\plots\cont_kid_current.png
2025-04-24 19:51:57,444 [INFO] WGAN_Continuation_Enhanced - Saved combined metrics plot to C:\Users\praam\Desktop\havetai+vetcyto\task-05_dataset\WGAN-SN_training-output_v2-151\continuation_enhanced\plots\cont_combined_metrics_current.png
2025-04-24 19:51:57,698 [INFO] WGAN_Continuation_Enhanced - Saving checkpoint to C:\Users\praam\Desktop\havetai+vetcyto\task-05_dataset\WGAN-SN_training-output_v2-151\continuation_enhanced\checkpoints\cont_latest_checkpoint.pth.tar
2025-04-24 19:51:58,151 [INFO] WGAN_Continuation_Enhanced - Checkpoint saved successfully.
2025-04-24 19:52:40,169 [INFO] WGAN_Continuation_Enhanced - Step 84800 | Loss C: 0.0000, Loss G: 0.0586
2025-04-24 19:52:40,170 [INFO] WGAN_Continuation_Enhanced - GPU Memory [Step 84800]: Allocated: 0.50 GB | Reserved: 1.15 GB
2025-04-24 19:53:47,255 [INFO] WGAN_Continuation_Enhanced - Step 84900 | Loss C: -0.0000, Loss G: 0.0567
2025-04-24 19:53:47,256 [INFO] WGAN_Continuation_Enhanced - GPU Memory [Step 84900]: Allocated: 0.50 GB | Reserved: 1.15 GB
2025-04-24 19:54:58,261 [INFO] WGAN_Continuation_Enhanced - Step 85000 | Loss C: -0.0000, Loss G: 0.0575
2025-04-24 19:54:58,262 [INFO] WGAN_Continuation_Enhanced - GPU Memory [Step 85000]: Allocated: 0.50 GB | Reserved: 1.15 GB
2025-04-24 19:54:58,262 [INFO] WGAN_Continuation_Enhanced - Saving samples at step 85000
2025-04-24 19:56:09,413 [INFO] WGAN_Continuation_Enhanced - Step 85100 | Loss C: -0.0000, Loss G: 0.0585
2025-04-24 19:56:09,414 [INFO] WGAN_Continuation_Enhanced - GPU Memory [Step 85100]: Allocated: 0.50 GB | Reserved: 1.35 GB
2025-04-24 19:57:20,433 [INFO] WGAN_Continuation_Enhanced - Step 85200 | Loss C: -0.0000, Loss G: 0.0627
2025-04-24 19:57:20,434 [INFO] WGAN_Continuation_Enhanced - GPU Memory [Step 85200]: Allocated: 0.50 GB | Reserved: 1.35 GB
2025-04-24 19:58:31,446 [INFO] WGAN_Continuation_Enhanced - Step 85300 | Loss C: 0.0000, Loss G: 0.0578
2025-04-24 19:58:31,447 [INFO] WGAN_Continuation_Enhanced - GPU Memory [Step 85300]: Allocated: 0.50 GB | Reserved: 1.35 GB
2025-04-24 19:59:42,464 [INFO] WGAN_Continuation_Enhanced - Step 85400 | Loss C: 0.0000, Loss G: 0.0591
2025-04-24 19:59:42,465 [INFO] WGAN_Continuation_Enhanced - GPU Memory [Step 85400]: Allocated: 0.50 GB | Reserved: 1.35 GB
2025-04-24 20:00:53,485 [INFO] WGAN_Continuation_Enhanced - Step 85500 | Loss C: 0.0000, Loss G: 0.0604
2025-04-24 20:00:53,486 [INFO] WGAN_Continuation_Enhanced - GPU Memory [Step 85500]: Allocated: 0.50 GB | Reserved: 1.35 GB
2025-04-24 20:00:53,487 [INFO] WGAN_Continuation_Enhanced - Saving samples at step 85500
2025-04-24 20:02:04,652 [INFO] WGAN_Continuation_Enhanced - Step 85600 | Loss C: -0.0000, Loss G: 0.0609
2025-04-24 20:02:04,653 [INFO] WGAN_Continuation_Enhanced - GPU Memory [Step 85600]: Allocated: 0.50 GB | Reserved: 1.15 GB
2025-04-24 20:03:15,677 [INFO] WGAN_Continuation_Enhanced - Step 85700 | Loss C: -0.0000, Loss G: 0.0656
2025-04-24 20:03:15,678 [INFO] WGAN_Continuation_Enhanced - GPU Memory [Step 85700]: Allocated: 0.50 GB | Reserved: 1.15 GB
2025-04-24 20:03:20,581 [INFO] WGAN_Continuation_Enhanced - Epoch [89/324] Completed in 682.43s | Avg Loss C: -0.0000 | Avg Loss G: 0.0596
2025-04-24 20:03:20,831 [INFO] WGAN_Continuation_Enhanced - GPU Memory [After Epoch 89]: Allocated: 0.49 GB | Reserved: 0.68 GB
2025-04-24 20:03:20,832 [INFO] WGAN_Continuation_Enhanced - Calculating FID and KID using 10000 generated images...
2025-04-24 20:03:20,832 [INFO] WGAN_Continuation_Enhanced - Generating 10000 fake images & activations (157 batches)...
2025-04-24 20:03:58,978 [INFO] WGAN_Continuation_Enhanced - Calculating Frechet distance...
2025-04-24 20:04:02,677 [INFO] WGAN_Continuation_Enhanced - Calculated FID: 85.8055
2025-04-24 20:04:02,678 [INFO] WGAN_Continuation_Enhanced - Calculating KID score...
2025-04-24 20:04:02,679 [INFO] WGAN_Continuation_Enhanced - Using custom KID implementation with pre-computed features
2025-04-24 20:04:28,438 [INFO] WGAN_Continuation_Enhanced - Calculated KID (custom): 0.003446 ± 0.000565
2025-04-24 20:04:28,697 [INFO] WGAN_Continuation_Enhanced - --- FID Score @ Epoch 89: 85.8055 ---
2025-04-24 20:04:28,698 [INFO] WGAN_Continuation_Enhanced - --- KID Score @ Epoch 89: 0.003446 ± 0.000565 ---
2025-04-24 20:04:28,699 [INFO] WGAN_Continuation_Enhanced - FID did not improve. Patience: 7/50.
2025-04-24 20:04:29,089 [INFO] WGAN_Continuation_Enhanced - Saved loss plot to C:\Users\praam\Desktop\havetai+vetcyto\task-05_dataset\WGAN-SN_training-output_v2-151\continuation_enhanced\plots\cont_losses_current.png
2025-04-24 20:04:29,474 [INFO] WGAN_Continuation_Enhanced - Saved FID plot to C:\Users\praam\Desktop\havetai+vetcyto\task-05_dataset\WGAN-SN_training-output_v2-151\continuation_enhanced\plots\cont_fid_current.png
2025-04-24 20:04:29,867 [INFO] WGAN_Continuation_Enhanced - Saved KID plot to C:\Users\praam\Desktop\havetai+vetcyto\task-05_dataset\WGAN-SN_training-output_v2-151\continuation_enhanced\plots\cont_kid_current.png
2025-04-24 20:04:30,331 [INFO] WGAN_Continuation_Enhanced - Saved combined metrics plot to C:\Users\praam\Desktop\havetai+vetcyto\task-05_dataset\WGAN-SN_training-output_v2-151\continuation_enhanced\plots\cont_combined_metrics_current.png
2025-04-24 20:04:30,585 [INFO] WGAN_Continuation_Enhanced - Saving checkpoint to C:\Users\praam\Desktop\havetai+vetcyto\task-05_dataset\WGAN-SN_training-output_v2-151\continuation_enhanced\checkpoints\cont_latest_checkpoint.pth.tar
2025-04-24 20:04:31,037 [INFO] WGAN_Continuation_Enhanced - Checkpoint saved successfully.
2025-04-24 20:05:36,414 [INFO] WGAN_Continuation_Enhanced - Step 85800 | Loss C: 0.0000, Loss G: 0.0678
2025-04-24 20:05:36,415 [INFO] WGAN_Continuation_Enhanced - GPU Memory [Step 85800]: Allocated: 0.50 GB | Reserved: 1.15 GB
2025-04-24 20:06:47,417 [INFO] WGAN_Continuation_Enhanced - Step 85900 | Loss C: 0.0000, Loss G: 0.0636
2025-04-24 20:06:47,418 [INFO] WGAN_Continuation_Enhanced - GPU Memory [Step 85900]: Allocated: 0.50 GB | Reserved: 1.15 GB
2025-04-24 20:07:58,419 [INFO] WGAN_Continuation_Enhanced - Step 86000 | Loss C: 0.0000, Loss G: 0.0621
2025-04-24 20:07:58,420 [INFO] WGAN_Continuation_Enhanced - GPU Memory [Step 86000]: Allocated: 0.50 GB | Reserved: 1.15 GB
2025-04-24 20:07:58,421 [INFO] WGAN_Continuation_Enhanced - Saving samples at step 86000
2025-04-24 20:09:09,591 [INFO] WGAN_Continuation_Enhanced - Step 86100 | Loss C: -0.0000, Loss G: 0.0640
2025-04-24 20:09:09,592 [INFO] WGAN_Continuation_Enhanced - GPU Memory [Step 86100]: Allocated: 0.50 GB | Reserved: 1.33 GB
2025-04-24 20:10:07,117 [WARNING] WGAN_Continuation_Enhanced - Critic loss spike detected at Step 86181: 0.0000 (mean: 0.0000, std: 0.0000)
2025-04-24 20:10:20,613 [INFO] WGAN_Continuation_Enhanced - Step 86200 | Loss C: 0.0000, Loss G: 0.0670
2025-04-24 20:10:20,614 [INFO] WGAN_Continuation_Enhanced - GPU Memory [Step 86200]: Allocated: 0.50 GB | Reserved: 1.33 GB
2025-04-24 20:11:31,634 [INFO] WGAN_Continuation_Enhanced - Step 86300 | Loss C: -0.0000, Loss G: 0.0666
2025-04-24 20:11:31,635 [INFO] WGAN_Continuation_Enhanced - GPU Memory [Step 86300]: Allocated: 0.50 GB | Reserved: 1.33 GB
2025-04-24 20:12:42,665 [INFO] WGAN_Continuation_Enhanced - Step 86400 | Loss C: 0.0000, Loss G: 0.0663
2025-04-24 20:12:42,666 [INFO] WGAN_Continuation_Enhanced - GPU Memory [Step 86400]: Allocated: 0.50 GB | Reserved: 1.33 GB
2025-04-24 20:13:53,691 [INFO] WGAN_Continuation_Enhanced - Step 86500 | Loss C: -0.0000, Loss G: 0.0704
2025-04-24 20:13:53,692 [INFO] WGAN_Continuation_Enhanced - GPU Memory [Step 86500]: Allocated: 0.50 GB | Reserved: 1.33 GB
2025-04-24 20:13:53,692 [INFO] WGAN_Continuation_Enhanced - Saving samples at step 86500
2025-04-24 20:15:04,850 [INFO] WGAN_Continuation_Enhanced - Step 86600 | Loss C: 0.0000, Loss G: 0.0712
2025-04-24 20:15:04,851 [INFO] WGAN_Continuation_Enhanced - GPU Memory [Step 86600]: Allocated: 0.50 GB | Reserved: 1.35 GB
2025-04-24 20:15:42,487 [WARNING] WGAN_Continuation_Enhanced - Critic loss spike detected at Step 86653: 0.0000 (mean: -0.0000, std: 0.0000)
2025-04-24 20:15:54,497 [INFO] WGAN_Continuation_Enhanced - Epoch [90/324] Completed in 683.46s | Avg Loss C: -0.0000 | Avg Loss G: 0.0661
2025-04-24 20:15:54,751 [INFO] WGAN_Continuation_Enhanced - GPU Memory [After Epoch 90]: Allocated: 0.49 GB | Reserved: 0.63 GB
2025-04-24 20:15:54,751 [INFO] WGAN_Continuation_Enhanced - Calculating FID and KID using 10000 generated images...
2025-04-24 20:15:54,752 [INFO] WGAN_Continuation_Enhanced - Generating 10000 fake images & activations (157 batches)...
2025-04-24 20:16:32,920 [INFO] WGAN_Continuation_Enhanced - Calculating Frechet distance...
2025-04-24 20:16:36,684 [INFO] WGAN_Continuation_Enhanced - Calculated FID: 79.8181
2025-04-24 20:16:36,684 [INFO] WGAN_Continuation_Enhanced - Calculating KID score...
2025-04-24 20:16:36,685 [INFO] WGAN_Continuation_Enhanced - Using custom KID implementation with pre-computed features
2025-04-24 20:17:02,707 [INFO] WGAN_Continuation_Enhanced - Calculated KID (custom): 0.003285 ± 0.000553
2025-04-24 20:17:02,972 [INFO] WGAN_Continuation_Enhanced - --- FID Score @ Epoch 90: 79.8181 ---
2025-04-24 20:17:02,973 [INFO] WGAN_Continuation_Enhanced - --- KID Score @ Epoch 90: 0.003285 ± 0.000553 ---
2025-04-24 20:17:02,974 [INFO] WGAN_Continuation_Enhanced - FID did not improve. Patience: 8/50.
2025-04-24 20:17:03,357 [INFO] WGAN_Continuation_Enhanced - Saved loss plot to C:\Users\praam\Desktop\havetai+vetcyto\task-05_dataset\WGAN-SN_training-output_v2-151\continuation_enhanced\plots\cont_losses_current.png
2025-04-24 20:17:03,749 [INFO] WGAN_Continuation_Enhanced - Saved FID plot to C:\Users\praam\Desktop\havetai+vetcyto\task-05_dataset\WGAN-SN_training-output_v2-151\continuation_enhanced\plots\cont_fid_current.png
2025-04-24 20:17:04,141 [INFO] WGAN_Continuation_Enhanced - Saved KID plot to C:\Users\praam\Desktop\havetai+vetcyto\task-05_dataset\WGAN-SN_training-output_v2-151\continuation_enhanced\plots\cont_kid_current.png
2025-04-24 20:17:04,617 [INFO] WGAN_Continuation_Enhanced - Saved combined metrics plot to C:\Users\praam\Desktop\havetai+vetcyto\task-05_dataset\WGAN-SN_training-output_v2-151\continuation_enhanced\plots\cont_combined_metrics_current.png
2025-04-24 20:17:04,870 [INFO] WGAN_Continuation_Enhanced - Saving checkpoint to C:\Users\praam\Desktop\havetai+vetcyto\task-05_dataset\WGAN-SN_training-output_v2-151\continuation_enhanced\checkpoints\cont_checkpoint_epoch_0090_20250424_201704.pth.tar
2025-04-24 20:17:05,315 [INFO] WGAN_Continuation_Enhanced - Checkpoint saved successfully.
2025-04-24 20:17:05,315 [INFO] WGAN_Continuation_Enhanced - Saving checkpoint to C:\Users\praam\Desktop\havetai+vetcyto\task-05_dataset\WGAN-SN_training-output_v2-151\continuation_enhanced\checkpoints\cont_latest_checkpoint.pth.tar
2025-04-24 20:17:05,765 [INFO] WGAN_Continuation_Enhanced - Checkpoint saved successfully.
2025-04-24 20:17:33,459 [INFO] WGAN_Continuation_Enhanced - Step 86700 | Loss C: 0.0000, Loss G: 0.0735
2025-04-24 20:17:33,460 [INFO] WGAN_Continuation_Enhanced - GPU Memory [Step 86700]: Allocated: 0.50 GB | Reserved: 1.29 GB
2025-04-24 20:18:38,027 [INFO] WGAN_Continuation_Enhanced - Step 86800 | Loss C: 0.0000, Loss G: 0.0689
2025-04-24 20:18:38,028 [INFO] WGAN_Continuation_Enhanced - GPU Memory [Step 86800]: Allocated: 0.50 GB | Reserved: 1.29 GB
2025-04-24 20:19:49,020 [INFO] WGAN_Continuation_Enhanced - Step 86900 | Loss C: 0.0000, Loss G: 0.0669
2025-04-24 20:19:49,021 [INFO] WGAN_Continuation_Enhanced - GPU Memory [Step 86900]: Allocated: 0.50 GB | Reserved: 1.29 GB
2025-04-24 20:21:00,010 [INFO] WGAN_Continuation_Enhanced - Step 87000 | Loss C: -0.0000, Loss G: 0.0713
2025-04-24 20:21:00,011 [INFO] WGAN_Continuation_Enhanced - GPU Memory [Step 87000]: Allocated: 0.50 GB | Reserved: 1.29 GB
2025-04-24 20:21:00,011 [INFO] WGAN_Continuation_Enhanced - Saving samples at step 87000
2025-04-24 20:21:37,072 [WARNING] WGAN_Continuation_Enhanced - Critic loss spike detected at Step 87052: 0.0000 (mean: -0.0000, std: 0.0000)
2025-04-24 20:22:11,157 [INFO] WGAN_Continuation_Enhanced - Step 87100 | Loss C: -0.0000, Loss G: 0.0659
2025-04-24 20:22:11,159 [INFO] WGAN_Continuation_Enhanced - GPU Memory [Step 87100]: Allocated: 0.50 GB | Reserved: 1.27 GB
2025-04-24 20:23:22,171 [INFO] WGAN_Continuation_Enhanced - Step 87200 | Loss C: 0.0000, Loss G: 0.0677
2025-04-24 20:23:22,172 [INFO] WGAN_Continuation_Enhanced - GPU Memory [Step 87200]: Allocated: 0.50 GB | Reserved: 1.27 GB
2025-04-24 20:24:33,191 [INFO] WGAN_Continuation_Enhanced - Step 87300 | Loss C: -0.0000, Loss G: 0.0685
2025-04-24 20:24:33,192 [INFO] WGAN_Continuation_Enhanced - GPU Memory [Step 87300]: Allocated: 0.50 GB | Reserved: 1.27 GB
2025-04-24 20:25:44,200 [INFO] WGAN_Continuation_Enhanced - Step 87400 | Loss C: -0.0000, Loss G: 0.0698
2025-04-24 20:25:44,201 [INFO] WGAN_Continuation_Enhanced - GPU Memory [Step 87400]: Allocated: 0.50 GB | Reserved: 1.27 GB
2025-04-24 20:26:55,218 [INFO] WGAN_Continuation_Enhanced - Step 87500 | Loss C: 0.0000, Loss G: 0.0685
2025-04-24 20:26:55,219 [INFO] WGAN_Continuation_Enhanced - GPU Memory [Step 87500]: Allocated: 0.50 GB | Reserved: 1.27 GB
2025-04-24 20:26:55,220 [INFO] WGAN_Continuation_Enhanced - Saving samples at step 87500
2025-04-24 20:28:06,392 [INFO] WGAN_Continuation_Enhanced - Step 87600 | Loss C: -0.0000, Loss G: 0.0718
2025-04-24 20:28:06,393 [INFO] WGAN_Continuation_Enhanced - GPU Memory [Step 87600]: Allocated: 0.50 GB | Reserved: 1.16 GB
2025-04-24 20:28:29,768 [INFO] WGAN_Continuation_Enhanced - Epoch [91/324] Completed in 684.00s | Avg Loss C: -0.0000 | Avg Loss G: 0.0694
2025-04-24 20:28:30,033 [INFO] WGAN_Continuation_Enhanced - GPU Memory [After Epoch 91]: Allocated: 0.49 GB | Reserved: 0.70 GB
2025-04-24 20:28:30,034 [INFO] WGAN_Continuation_Enhanced - Calculating FID and KID using 10000 generated images...
2025-04-24 20:28:30,034 [INFO] WGAN_Continuation_Enhanced - Generating 10000 fake images & activations (157 batches)...
2025-04-24 20:29:08,177 [INFO] WGAN_Continuation_Enhanced - Calculating Frechet distance...
2025-04-24 20:29:11,768 [INFO] WGAN_Continuation_Enhanced - Calculated FID: 86.4312
2025-04-24 20:29:11,768 [INFO] WGAN_Continuation_Enhanced - Calculating KID score...
2025-04-24 20:29:11,769 [INFO] WGAN_Continuation_Enhanced - Using custom KID implementation with pre-computed features
2025-04-24 20:29:37,919 [INFO] WGAN_Continuation_Enhanced - Calculated KID (custom): 0.004031 ± 0.000587
2025-04-24 20:29:38,197 [INFO] WGAN_Continuation_Enhanced - --- FID Score @ Epoch 91: 86.4312 ---
2025-04-24 20:29:38,198 [INFO] WGAN_Continuation_Enhanced - --- KID Score @ Epoch 91: 0.004031 ± 0.000587 ---
2025-04-24 20:29:38,199 [INFO] WGAN_Continuation_Enhanced - FID did not improve. Patience: 9/50.
2025-04-24 20:29:38,574 [INFO] WGAN_Continuation_Enhanced - Saved loss plot to C:\Users\praam\Desktop\havetai+vetcyto\task-05_dataset\WGAN-SN_training-output_v2-151\continuation_enhanced\plots\cont_losses_current.png
2025-04-24 20:29:38,964 [INFO] WGAN_Continuation_Enhanced - Saved FID plot to C:\Users\praam\Desktop\havetai+vetcyto\task-05_dataset\WGAN-SN_training-output_v2-151\continuation_enhanced\plots\cont_fid_current.png
2025-04-24 20:29:39,356 [INFO] WGAN_Continuation_Enhanced - Saved KID plot to C:\Users\praam\Desktop\havetai+vetcyto\task-05_dataset\WGAN-SN_training-output_v2-151\continuation_enhanced\plots\cont_kid_current.png
2025-04-24 20:29:39,822 [INFO] WGAN_Continuation_Enhanced - Saved combined metrics plot to C:\Users\praam\Desktop\havetai+vetcyto\task-05_dataset\WGAN-SN_training-output_v2-151\continuation_enhanced\plots\cont_combined_metrics_current.png
2025-04-24 20:29:40,077 [INFO] WGAN_Continuation_Enhanced - Saving checkpoint to C:\Users\praam\Desktop\havetai+vetcyto\task-05_dataset\WGAN-SN_training-output_v2-151\continuation_enhanced\checkpoints\cont_latest_checkpoint.pth.tar
2025-04-24 20:29:40,538 [INFO] WGAN_Continuation_Enhanced - Checkpoint saved successfully.
2025-04-24 20:30:29,011 [INFO] WGAN_Continuation_Enhanced - Step 87700 | Loss C: -0.0000, Loss G: 0.0695
2025-04-24 20:30:29,012 [INFO] WGAN_Continuation_Enhanced - GPU Memory [Step 87700]: Allocated: 0.50 GB | Reserved: 1.22 GB
2025-04-24 20:31:24,542 [WARNING] WGAN_Continuation_Enhanced - --- Training Interrupted by User ---
2025-04-24 20:31:24,542 [WARNING] WGAN_Continuation_Enhanced - Attempting to save checkpoint and generate plots before exit...
2025-04-24 20:31:24,543 [INFO] WGAN_Continuation_Enhanced - Saving checkpoint to C:\Users\praam\Desktop\havetai+vetcyto\task-05_dataset\WGAN-SN_training-output_v2-151\continuation_enhanced\checkpoints\cont_interrupted_20250424_203124.pth.tar
2025-04-24 20:31:24,864 [INFO] WGAN_Continuation_Enhanced - Checkpoint saved successfully.
2025-04-24 20:31:24,865 [INFO] WGAN_Continuation_Enhanced - ================================================================================
2025-04-24 20:31:24,866 [INFO] WGAN_Continuation_Enhanced - --- Post-Training Analysis Phase ---
2025-04-24 20:31:24,866 [INFO] WGAN_Continuation_Enhanced - Training finished after 17 epochs, during Epoch 91 (12991.62 seconds)
2025-04-24 20:31:24,867 [INFO] WGAN_Continuation_Enhanced - Stop reason: Manual Interruption
2025-04-24 20:31:24,867 [INFO] WGAN_Continuation_Enhanced - Final Global Step: 87780
2025-04-24 20:31:24,868 [INFO] WGAN_Continuation_Enhanced - Best FID Score: 65.4729
2025-04-24 20:31:24,868 [INFO] WGAN_Continuation_Enhanced - FID improved by 2.8484 points from original best of 68.3213
2025-04-24 20:31:24,869 [INFO] WGAN_Continuation_Enhanced - Best KID Score: 0.002261
2025-04-24 20:31:24,869 [INFO] WGAN_Continuation_Enhanced - KID improved by 0.000873 points from original best of 0.003134
2025-04-24 20:31:24,870 [INFO] WGAN_Continuation_Enhanced - Generating final visualization plots...
2025-04-24 20:31:25,282 [INFO] WGAN_Continuation_Enhanced - Saved loss plot to C:\Users\praam\Desktop\havetai+vetcyto\task-05_dataset\WGAN-SN_training-output_v2-151\continuation_enhanced\plots\cont_losses_final_20250424_203124.png
2025-04-24 20:31:25,717 [INFO] WGAN_Continuation_Enhanced - Saved FID plot to C:\Users\praam\Desktop\havetai+vetcyto\task-05_dataset\WGAN-SN_training-output_v2-151\continuation_enhanced\plots\cont_fid_final_20250424_203124.png
2025-04-24 20:31:26,161 [INFO] WGAN_Continuation_Enhanced - Saved KID plot to C:\Users\praam\Desktop\havetai+vetcyto\task-05_dataset\WGAN-SN_training-output_v2-151\continuation_enhanced\plots\cont_kid_final_20250424_203124.png
2025-04-24 20:31:26,669 [INFO] WGAN_Continuation_Enhanced - Saved combined metrics plot to C:\Users\praam\Desktop\havetai+vetcyto\task-05_dataset\WGAN-SN_training-output_v2-151\continuation_enhanced\plots\cont_combined_metrics_final_20250424_203124.png
2025-04-24 20:31:26,679 [INFO] WGAN_Continuation_Enhanced - Computing UMAP embedding...
2025-04-24 20:31:54,597 [INFO] WGAN_Continuation_Enhanced - Saved umap visualization to C:\Users\praam\Desktop\havetai+vetcyto\task-05_dataset\WGAN-SN_training-output_v2-151\continuation_enhanced\plots\cont_feature_space_umap_20250424_203124.png
2025-04-24 20:31:54,600 [INFO] WGAN_Continuation_Enhanced - Generating final sample grid...
2025-04-24 20:31:54,732 [INFO] WGAN_Continuation_Enhanced - Saved best epoch sample grid to C:\Users\praam\Desktop\havetai+vetcyto\task-05_dataset\WGAN-SN_training-output_v2-151\continuation_enhanced\analysis_results\cont_best_epoch_82_sample_grid_20250424_203124.png
2025-04-24 20:31:54,733 [INFO] WGAN_Continuation_Enhanced - Generating markdown report...
2025-04-24 20:31:54,737 [INFO] WGAN_Continuation_Enhanced - Generated markdown report at C:\Users\praam\Desktop\havetai+vetcyto\task-05_dataset\WGAN-SN_training-output_v2-151\continuation_enhanced\analysis_results\cont_training_report_20250424_203124.md
2025-04-24 20:31:54,737 [INFO] WGAN_Continuation_Enhanced - Skipping optional Precision/Recall calculation (not implemented)
2025-04-24 20:31:54,738 [INFO] WGAN_Continuation_Enhanced - --- Running Final Cleanup ---
2025-04-24 20:31:54,739 [INFO] WGAN_Continuation_Enhanced - GPU Memory [Final]: Allocated: 0.50 GB | Reserved: 1.22 GB
2025-04-24 20:31:54,739 [INFO] WGAN_Continuation_Enhanced - ================================================================================
2025-04-24 20:31:54,740 [INFO] WGAN_Continuation_Enhanced - Continuation script execution complete. Results saved in: C:\Users\praam\Desktop\havetai+vetcyto\task-05_dataset\WGAN-SN_training-output_v2-151\continuation_enhanced
2025-04-24 20:31:54,740 [INFO] WGAN_Continuation_Enhanced - Final best FID: 65.4729
2025-04-24 20:31:54,741 [INFO] WGAN_Continuation_Enhanced - Final best KID: 0.002261
2025-04-24 20:31:54,741 [INFO] WGAN_Continuation_Enhanced - Final Stop Reason: Manual Interruption
2025-04-24 20:31:54,742 [INFO] WGAN_Continuation_Enhanced - ================================================================================
